{"D:\\Almacenamiento\\Programación\\Proyectos propios\\conexa-sw-apud-api\\src\\constants.ts": {"path":"D:\\Almacenamiento\\Programación\\Proyectos propios\\conexa-sw-apud-api\\src\\constants.ts","statementMap":{"0":{"start":{"line":1,"column":13},"end":{"line":1,"column":37}},"1":{"start":{"line":23,"column":2},"end":{"line":23,"column":6}},"2":{"start":{"line":2,"column":15},"end":{"line":9,"column":2}},"3":{"start":{"line":24,"column":2},"end":{"line":24,"column":8}},"4":{"start":{"line":10,"column":24},"end":{"line":10,"column":35}},"5":{"start":{"line":25,"column":2},"end":{"line":25,"column":17}},"6":{"start":{"line":11,"column":20},"end":{"line":11,"column":27}},"7":{"start":{"line":26,"column":2},"end":{"line":26,"column":13}},"8":{"start":{"line":12,"column":22},"end":{"line":12,"column":31}},"9":{"start":{"line":27,"column":2},"end":{"line":27,"column":15}},"10":{"start":{"line":13,"column":23},"end":{"line":13,"column":33}},"11":{"start":{"line":28,"column":2},"end":{"line":28,"column":16}},"12":{"start":{"line":14,"column":24},"end":{"line":14,"column":35}},"13":{"start":{"line":29,"column":2},"end":{"line":29,"column":17}},"14":{"start":{"line":15,"column":22},"end":{"line":15,"column":31}},"15":{"start":{"line":30,"column":2},"end":{"line":30,"column":15}},"16":{"start":{"line":16,"column":25},"end":{"line":16,"column":37}},"17":{"start":{"line":31,"column":2},"end":{"line":31,"column":18}},"18":{"start":{"line":17,"column":24},"end":{"line":17,"column":35}},"19":{"start":{"line":32,"column":2},"end":{"line":32,"column":17}},"20":{"start":{"line":18,"column":21},"end":{"line":18,"column":29}},"21":{"start":{"line":33,"column":2},"end":{"line":33,"column":14}},"22":{"start":{"line":19,"column":21},"end":{"line":19,"column":29}},"23":{"start":{"line":34,"column":2},"end":{"line":34,"column":14}},"24":{"start":{"line":20,"column":31},"end":{"line":20,"column":84}},"25":{"start":{"line":35,"column":2},"end":{"line":35,"column":24}}},"fnMap":{},"branchMap":{"0":{"loc":{"start":{"line":1,"column":13},"end":{"line":1,"column":37}},"type":"cond-expr","locations":[{"start":{"line":1,"column":29},"end":{"line":1,"column":33}},{"start":{"line":1,"column":33},"end":{"line":1,"column":37}}]},"1":{"loc":{"start":{"line":1,"column":13},"end":{"line":1,"column":33}},"type":"binary-expr","locations":[{"start":{"line":1,"column":13},"end":{"line":1,"column":33}},{"start":{"line":1,"column":29},"end":{"line":1,"column":33}}]},"2":{"loc":{"start":{"line":20,"column":38},"end":{"line":20,"column":83}},"type":"cond-expr","locations":[{"start":{"line":20,"column":72},"end":{"line":20,"column":76}},{"start":{"line":20,"column":76},"end":{"line":20,"column":83}}]},"3":{"loc":{"start":{"line":20,"column":38},"end":{"line":20,"column":76}},"type":"binary-expr","locations":[{"start":{"line":20,"column":38},"end":{"line":20,"column":76}},{"start":{"line":20,"column":72},"end":{"line":20,"column":76}}]}},"s":{"0":1,"1":1,"2":1,"3":1,"4":1,"5":1,"6":1,"7":1,"8":1,"9":1,"10":1,"11":1,"12":1,"13":1,"14":1,"15":1,"16":1,"17":1,"18":1,"19":1,"20":1,"21":1,"22":1,"23":1,"24":1,"25":1},"f":{},"b":{"0":[0,1],"1":[1,1],"2":[0,1],"3":[1,1]}}
,"D:\\Almacenamiento\\Programación\\Proyectos propios\\conexa-sw-apud-api\\src\\controllers\\films.controller.ts": {"path":"D:\\Almacenamiento\\Programación\\Proyectos propios\\conexa-sw-apud-api\\src\\controllers\\films.controller.ts","statementMap":{"0":{"start":{"line":2,"column":0},"end":{"line":2,"column":35}},"1":{"start":{"line":3,"column":0},"end":{"line":3,"column":null}},"2":{"start":{"line":6,"column":0},"end":{"line":6,"column":66}},"3":{"start":{"line":7,"column":0},"end":{"line":7,"column":62}},"4":{"start":{"line":9,"column":14},"end":{"line":9,"column":63}},"5":{"start":{"line":11,"column":24},"end":{"line":50,"column":2}},"6":{"start":{"line":11,"column":62},"end":{"line":50,"column":2}},"7":{"start":{"line":12,"column":2},"end":{"line":49,"column":null}},"8":{"start":{"line":13,"column":29},"end":{"line":13,"column":74}},"9":{"start":{"line":14,"column":4},"end":{"line":21,"column":null}},"10":{"start":{"line":15,"column":23},"end":{"line":15,"column":71}},"11":{"start":{"line":16,"column":25},"end":{"line":16,"column":50}},"12":{"start":{"line":17,"column":6},"end":{"line":17,"column":62}},"13":{"start":{"line":17,"column":22},"end":{"line":17,"column":62}},"14":{"start":{"line":18,"column":20},"end":{"line":18,"column":63}},"15":{"start":{"line":19,"column":6},"end":{"line":19,"column":33}},"16":{"start":{"line":20,"column":6},"end":{"line":20,"column":41}},"17":{"start":{"line":22,"column":4},"end":{"line":29,"column":null}},"18":{"start":{"line":23,"column":23},"end":{"line":23,"column":58}},"19":{"start":{"line":24,"column":25},"end":{"line":24,"column":50}},"20":{"start":{"line":25,"column":6},"end":{"line":25,"column":62}},"21":{"start":{"line":25,"column":22},"end":{"line":25,"column":62}},"22":{"start":{"line":26,"column":20},"end":{"line":26,"column":50}},"23":{"start":{"line":27,"column":6},"end":{"line":27,"column":33}},"24":{"start":{"line":28,"column":6},"end":{"line":28,"column":41}},"25":{"start":{"line":30,"column":4},"end":{"line":37,"column":null}},"26":{"start":{"line":31,"column":23},"end":{"line":31,"column":54}},"27":{"start":{"line":32,"column":25},"end":{"line":32,"column":50}},"28":{"start":{"line":33,"column":6},"end":{"line":33,"column":62}},"29":{"start":{"line":33,"column":22},"end":{"line":33,"column":62}},"30":{"start":{"line":34,"column":20},"end":{"line":34,"column":46}},"31":{"start":{"line":35,"column":6},"end":{"line":35,"column":33}},"32":{"start":{"line":36,"column":6},"end":{"line":36,"column":41}},"33":{"start":{"line":38,"column":4},"end":{"line":45,"column":null}},"34":{"start":{"line":39,"column":23},"end":{"line":39,"column":40}},"35":{"start":{"line":40,"column":25},"end":{"line":40,"column":50}},"36":{"start":{"line":41,"column":6},"end":{"line":41,"column":62}},"37":{"start":{"line":41,"column":22},"end":{"line":41,"column":62}},"38":{"start":{"line":42,"column":20},"end":{"line":42,"column":39}},"39":{"start":{"line":43,"column":6},"end":{"line":43,"column":33}},"40":{"start":{"line":44,"column":6},"end":{"line":44,"column":41}},"41":{"start":{"line":46,"column":4},"end":{"line":46,"column":40}},"42":{"start":{"line":48,"column":4},"end":{"line":48,"column":38}},"43":{"start":{"line":11,"column":13},"end":{"line":11,"column":24}},"44":{"start":{"line":51,"column":28},"end":{"line":59,"column":2}},"45":{"start":{"line":51,"column":66},"end":{"line":59,"column":2}},"46":{"start":{"line":52,"column":2},"end":{"line":58,"column":null}},"47":{"start":{"line":53,"column":19},"end":{"line":53,"column":29}},"48":{"start":{"line":54,"column":18},"end":{"line":54,"column":35}},"49":{"start":{"line":55,"column":4},"end":{"line":55,"column":39}},"50":{"start":{"line":57,"column":4},"end":{"line":57,"column":38}},"51":{"start":{"line":51,"column":13},"end":{"line":51,"column":28}},"52":{"start":{"line":61,"column":36},"end":{"line":77,"column":2}},"53":{"start":{"line":61,"column":74},"end":{"line":77,"column":2}},"54":{"start":{"line":62,"column":2},"end":{"line":76,"column":null}},"55":{"start":{"line":63,"column":19},"end":{"line":63,"column":29}},"56":{"start":{"line":64,"column":18},"end":{"line":64,"column":35}},"57":{"start":{"line":65,"column":4},"end":{"line":71,"column":7}},"58":{"start":{"line":72,"column":4},"end":{"line":72,"column":39}},"59":{"start":{"line":74,"column":4},"end":{"line":74,"column":25}},"60":{"start":{"line":75,"column":4},"end":{"line":75,"column":38}},"61":{"start":{"line":61,"column":13},"end":{"line":61,"column":36}},"62":{"start":{"line":79,"column":46},"end":{"line":88,"column":2}},"63":{"start":{"line":79,"column":84},"end":{"line":88,"column":2}},"64":{"start":{"line":80,"column":2},"end":{"line":87,"column":null}},"65":{"start":{"line":81,"column":19},"end":{"line":81,"column":29}},"66":{"start":{"line":82,"column":18},"end":{"line":82,"column":35}},"67":{"start":{"line":83,"column":4},"end":{"line":83,"column":33}},"68":{"start":{"line":84,"column":4},"end":{"line":84,"column":39}},"69":{"start":{"line":86,"column":4},"end":{"line":86,"column":38}},"70":{"start":{"line":79,"column":13},"end":{"line":79,"column":46}},"71":{"start":{"line":90,"column":43},"end":{"line":99,"column":2}},"72":{"start":{"line":90,"column":81},"end":{"line":99,"column":2}},"73":{"start":{"line":91,"column":2},"end":{"line":98,"column":null}},"74":{"start":{"line":92,"column":19},"end":{"line":92,"column":29}},"75":{"start":{"line":93,"column":18},"end":{"line":93,"column":35}},"76":{"start":{"line":94,"column":4},"end":{"line":94,"column":30}},"77":{"start":{"line":95,"column":4},"end":{"line":95,"column":39}},"78":{"start":{"line":97,"column":4},"end":{"line":97,"column":38}},"79":{"start":{"line":90,"column":13},"end":{"line":90,"column":43}},"80":{"start":{"line":101,"column":43},"end":{"line":110,"column":2}},"81":{"start":{"line":101,"column":81},"end":{"line":110,"column":2}},"82":{"start":{"line":102,"column":2},"end":{"line":109,"column":null}},"83":{"start":{"line":103,"column":19},"end":{"line":103,"column":29}},"84":{"start":{"line":104,"column":18},"end":{"line":104,"column":35}},"85":{"start":{"line":105,"column":4},"end":{"line":105,"column":30}},"86":{"start":{"line":106,"column":4},"end":{"line":106,"column":39}},"87":{"start":{"line":108,"column":4},"end":{"line":108,"column":38}},"88":{"start":{"line":101,"column":13},"end":{"line":101,"column":43}},"89":{"start":{"line":112,"column":44},"end":{"line":121,"column":2}},"90":{"start":{"line":112,"column":82},"end":{"line":121,"column":2}},"91":{"start":{"line":113,"column":2},"end":{"line":120,"column":null}},"92":{"start":{"line":114,"column":19},"end":{"line":114,"column":29}},"93":{"start":{"line":115,"column":18},"end":{"line":115,"column":35}},"94":{"start":{"line":116,"column":4},"end":{"line":116,"column":31}},"95":{"start":{"line":117,"column":4},"end":{"line":117,"column":39}},"96":{"start":{"line":119,"column":4},"end":{"line":119,"column":38}},"97":{"start":{"line":112,"column":13},"end":{"line":112,"column":44}},"98":{"start":{"line":123,"column":45},"end":{"line":132,"column":2}},"99":{"start":{"line":123,"column":83},"end":{"line":132,"column":2}},"100":{"start":{"line":124,"column":2},"end":{"line":131,"column":null}},"101":{"start":{"line":125,"column":19},"end":{"line":125,"column":29}},"102":{"start":{"line":126,"column":18},"end":{"line":126,"column":35}},"103":{"start":{"line":127,"column":4},"end":{"line":127,"column":32}},"104":{"start":{"line":128,"column":4},"end":{"line":128,"column":39}},"105":{"start":{"line":130,"column":4},"end":{"line":130,"column":38}},"106":{"start":{"line":123,"column":13},"end":{"line":123,"column":45}}},"fnMap":{"0":{"name":"(anonymous_14)","decl":{"start":{"line":11,"column":24},"end":{"line":11,"column":31}},"loc":{"start":{"line":11,"column":62},"end":{"line":50,"column":2}}},"1":{"name":"(anonymous_15)","decl":{"start":{"line":11,"column":62},"end":{"line":11,"column":null}},"loc":{"start":{"line":11,"column":62},"end":{"line":50,"column":1}}},"2":{"name":"(anonymous_16)","decl":{"start":{"line":51,"column":28},"end":{"line":51,"column":35}},"loc":{"start":{"line":51,"column":66},"end":{"line":59,"column":2}}},"3":{"name":"(anonymous_17)","decl":{"start":{"line":51,"column":66},"end":{"line":51,"column":null}},"loc":{"start":{"line":51,"column":66},"end":{"line":59,"column":1}}},"4":{"name":"(anonymous_18)","decl":{"start":{"line":61,"column":36},"end":{"line":61,"column":43}},"loc":{"start":{"line":61,"column":74},"end":{"line":77,"column":2}}},"5":{"name":"(anonymous_19)","decl":{"start":{"line":61,"column":74},"end":{"line":61,"column":null}},"loc":{"start":{"line":61,"column":74},"end":{"line":77,"column":1}}},"6":{"name":"(anonymous_20)","decl":{"start":{"line":79,"column":46},"end":{"line":79,"column":53}},"loc":{"start":{"line":79,"column":84},"end":{"line":88,"column":2}}},"7":{"name":"(anonymous_21)","decl":{"start":{"line":79,"column":84},"end":{"line":79,"column":null}},"loc":{"start":{"line":79,"column":84},"end":{"line":88,"column":1}}},"8":{"name":"(anonymous_22)","decl":{"start":{"line":90,"column":43},"end":{"line":90,"column":50}},"loc":{"start":{"line":90,"column":81},"end":{"line":99,"column":2}}},"9":{"name":"(anonymous_23)","decl":{"start":{"line":90,"column":81},"end":{"line":90,"column":null}},"loc":{"start":{"line":90,"column":81},"end":{"line":99,"column":1}}},"10":{"name":"(anonymous_24)","decl":{"start":{"line":101,"column":43},"end":{"line":101,"column":50}},"loc":{"start":{"line":101,"column":81},"end":{"line":110,"column":2}}},"11":{"name":"(anonymous_25)","decl":{"start":{"line":101,"column":81},"end":{"line":101,"column":null}},"loc":{"start":{"line":101,"column":81},"end":{"line":110,"column":1}}},"12":{"name":"(anonymous_26)","decl":{"start":{"line":112,"column":44},"end":{"line":112,"column":51}},"loc":{"start":{"line":112,"column":82},"end":{"line":121,"column":2}}},"13":{"name":"(anonymous_27)","decl":{"start":{"line":112,"column":82},"end":{"line":112,"column":null}},"loc":{"start":{"line":112,"column":82},"end":{"line":121,"column":1}}},"14":{"name":"(anonymous_28)","decl":{"start":{"line":123,"column":45},"end":{"line":123,"column":52}},"loc":{"start":{"line":123,"column":83},"end":{"line":132,"column":2}}},"15":{"name":"(anonymous_29)","decl":{"start":{"line":123,"column":83},"end":{"line":123,"column":null}},"loc":{"start":{"line":123,"column":83},"end":{"line":132,"column":1}}}},"branchMap":{"0":{"loc":{"start":{"line":14,"column":4},"end":{"line":21,"column":null}},"type":"if","locations":[{"start":{"line":14,"column":4},"end":{"line":21,"column":null}}]},"1":{"loc":{"start":{"line":14,"column":8},"end":{"line":14,"column":22}},"type":"binary-expr","locations":[{"start":{"line":14,"column":8},"end":{"line":14,"column":14}},{"start":{"line":14,"column":18},"end":{"line":14,"column":22}}]},"2":{"loc":{"start":{"line":17,"column":6},"end":{"line":17,"column":62}},"type":"if","locations":[{"start":{"line":17,"column":6},"end":{"line":17,"column":62}}]},"3":{"loc":{"start":{"line":22,"column":4},"end":{"line":29,"column":null}},"type":"if","locations":[{"start":{"line":22,"column":4},"end":{"line":29,"column":null}}]},"4":{"loc":{"start":{"line":25,"column":6},"end":{"line":25,"column":62}},"type":"if","locations":[{"start":{"line":25,"column":6},"end":{"line":25,"column":62}}]},"5":{"loc":{"start":{"line":30,"column":4},"end":{"line":37,"column":null}},"type":"if","locations":[{"start":{"line":30,"column":4},"end":{"line":37,"column":null}}]},"6":{"loc":{"start":{"line":33,"column":6},"end":{"line":33,"column":62}},"type":"if","locations":[{"start":{"line":33,"column":6},"end":{"line":33,"column":62}}]},"7":{"loc":{"start":{"line":38,"column":4},"end":{"line":45,"column":null}},"type":"if","locations":[{"start":{"line":38,"column":4},"end":{"line":45,"column":null}}]},"8":{"loc":{"start":{"line":38,"column":8},"end":{"line":38,"column":24}},"type":"binary-expr","locations":[{"start":{"line":38,"column":8},"end":{"line":38,"column":15}},{"start":{"line":38,"column":19},"end":{"line":38,"column":24}}]},"9":{"loc":{"start":{"line":41,"column":6},"end":{"line":41,"column":62}},"type":"if","locations":[{"start":{"line":41,"column":6},"end":{"line":41,"column":62}}]}},"s":{"0":0,"1":0,"2":0,"3":0,"4":0,"5":0,"6":0,"7":0,"8":0,"9":0,"10":0,"11":0,"12":0,"13":0,"14":0,"15":0,"16":0,"17":0,"18":0,"19":0,"20":0,"21":0,"22":0,"23":0,"24":0,"25":0,"26":0,"27":0,"28":0,"29":0,"30":0,"31":0,"32":0,"33":0,"34":0,"35":0,"36":0,"37":0,"38":0,"39":0,"40":0,"41":0,"42":0,"43":0,"44":0,"45":0,"46":0,"47":0,"48":0,"49":0,"50":0,"51":0,"52":0,"53":0,"54":0,"55":0,"56":0,"57":0,"58":0,"59":0,"60":0,"61":0,"62":0,"63":0,"64":0,"65":0,"66":0,"67":0,"68":0,"69":0,"70":0,"71":0,"72":0,"73":0,"74":0,"75":0,"76":0,"77":0,"78":0,"79":0,"80":0,"81":0,"82":0,"83":0,"84":0,"85":0,"86":0,"87":0,"88":0,"89":0,"90":0,"91":0,"92":0,"93":0,"94":0,"95":0,"96":0,"97":0,"98":0,"99":0,"100":0,"101":0,"102":0,"103":0,"104":0,"105":0,"106":0},"f":{"0":0,"1":0,"2":0,"3":0,"4":0,"5":0,"6":0,"7":0,"8":0,"9":0,"10":0,"11":0,"12":0,"13":0,"14":0,"15":0},"b":{"0":[0],"1":[0,0],"2":[0],"3":[0],"4":[0],"5":[0],"6":[0],"7":[0],"8":[0,0],"9":[0]}}
,"D:\\Almacenamiento\\Programación\\Proyectos propios\\conexa-sw-apud-api\\src\\controllers\\people.controller.ts": {"path":"D:\\Almacenamiento\\Programación\\Proyectos propios\\conexa-sw-apud-api\\src\\controllers\\people.controller.ts","statementMap":{"0":{"start":{"line":2,"column":0},"end":{"line":2,"column":35}},"1":{"start":{"line":3,"column":0},"end":{"line":3,"column":null}},"2":{"start":{"line":6,"column":0},"end":{"line":6,"column":66}},"3":{"start":{"line":7,"column":0},"end":{"line":7,"column":62}},"4":{"start":{"line":9,"column":14},"end":{"line":9,"column":63}},"5":{"start":{"line":11,"column":26},"end":{"line":50,"column":2}},"6":{"start":{"line":11,"column":64},"end":{"line":50,"column":2}},"7":{"start":{"line":12,"column":2},"end":{"line":49,"column":null}},"8":{"start":{"line":13,"column":29},"end":{"line":13,"column":74}},"9":{"start":{"line":14,"column":4},"end":{"line":21,"column":null}},"10":{"start":{"line":15,"column":23},"end":{"line":15,"column":72}},"11":{"start":{"line":16,"column":25},"end":{"line":16,"column":50}},"12":{"start":{"line":17,"column":6},"end":{"line":17,"column":62}},"13":{"start":{"line":17,"column":22},"end":{"line":17,"column":62}},"14":{"start":{"line":18,"column":21},"end":{"line":18,"column":66}},"15":{"start":{"line":19,"column":6},"end":{"line":19,"column":34}},"16":{"start":{"line":20,"column":6},"end":{"line":20,"column":42}},"17":{"start":{"line":22,"column":4},"end":{"line":29,"column":null}},"18":{"start":{"line":23,"column":23},"end":{"line":23,"column":59}},"19":{"start":{"line":24,"column":25},"end":{"line":24,"column":50}},"20":{"start":{"line":25,"column":6},"end":{"line":25,"column":62}},"21":{"start":{"line":25,"column":22},"end":{"line":25,"column":62}},"22":{"start":{"line":26,"column":21},"end":{"line":26,"column":53}},"23":{"start":{"line":27,"column":6},"end":{"line":27,"column":34}},"24":{"start":{"line":28,"column":6},"end":{"line":28,"column":42}},"25":{"start":{"line":30,"column":4},"end":{"line":37,"column":null}},"26":{"start":{"line":31,"column":23},"end":{"line":31,"column":55}},"27":{"start":{"line":32,"column":25},"end":{"line":32,"column":50}},"28":{"start":{"line":33,"column":6},"end":{"line":33,"column":62}},"29":{"start":{"line":33,"column":22},"end":{"line":33,"column":62}},"30":{"start":{"line":34,"column":21},"end":{"line":34,"column":49}},"31":{"start":{"line":35,"column":6},"end":{"line":35,"column":34}},"32":{"start":{"line":36,"column":6},"end":{"line":36,"column":42}},"33":{"start":{"line":38,"column":4},"end":{"line":45,"column":null}},"34":{"start":{"line":39,"column":23},"end":{"line":39,"column":41}},"35":{"start":{"line":40,"column":25},"end":{"line":40,"column":50}},"36":{"start":{"line":41,"column":6},"end":{"line":41,"column":62}},"37":{"start":{"line":41,"column":22},"end":{"line":41,"column":62}},"38":{"start":{"line":42,"column":21},"end":{"line":42,"column":42}},"39":{"start":{"line":43,"column":6},"end":{"line":43,"column":34}},"40":{"start":{"line":44,"column":6},"end":{"line":44,"column":42}},"41":{"start":{"line":46,"column":4},"end":{"line":46,"column":40}},"42":{"start":{"line":48,"column":4},"end":{"line":48,"column":38}},"43":{"start":{"line":11,"column":13},"end":{"line":11,"column":26}},"44":{"start":{"line":51,"column":29},"end":{"line":59,"column":2}},"45":{"start":{"line":51,"column":67},"end":{"line":59,"column":2}},"46":{"start":{"line":52,"column":2},"end":{"line":58,"column":null}},"47":{"start":{"line":53,"column":19},"end":{"line":53,"column":29}},"48":{"start":{"line":54,"column":19},"end":{"line":54,"column":38}},"49":{"start":{"line":55,"column":4},"end":{"line":55,"column":40}},"50":{"start":{"line":57,"column":4},"end":{"line":57,"column":38}},"51":{"start":{"line":51,"column":13},"end":{"line":51,"column":29}},"52":{"start":{"line":61,"column":37},"end":{"line":76,"column":2}},"53":{"start":{"line":61,"column":75},"end":{"line":76,"column":2}},"54":{"start":{"line":62,"column":2},"end":{"line":75,"column":null}},"55":{"start":{"line":63,"column":19},"end":{"line":63,"column":29}},"56":{"start":{"line":64,"column":19},"end":{"line":64,"column":38}},"57":{"start":{"line":65,"column":4},"end":{"line":71,"column":7}},"58":{"start":{"line":72,"column":4},"end":{"line":72,"column":40}},"59":{"start":{"line":74,"column":4},"end":{"line":74,"column":38}},"60":{"start":{"line":61,"column":13},"end":{"line":61,"column":37}},"61":{"start":{"line":78,"column":46},"end":{"line":87,"column":2}},"62":{"start":{"line":78,"column":84},"end":{"line":87,"column":2}},"63":{"start":{"line":79,"column":2},"end":{"line":86,"column":null}},"64":{"start":{"line":80,"column":19},"end":{"line":80,"column":29}},"65":{"start":{"line":81,"column":19},"end":{"line":81,"column":38}},"66":{"start":{"line":82,"column":4},"end":{"line":82,"column":33}},"67":{"start":{"line":83,"column":4},"end":{"line":83,"column":40}},"68":{"start":{"line":85,"column":4},"end":{"line":85,"column":38}},"69":{"start":{"line":78,"column":13},"end":{"line":78,"column":46}},"70":{"start":{"line":89,"column":42},"end":{"line":98,"column":2}},"71":{"start":{"line":89,"column":80},"end":{"line":98,"column":2}},"72":{"start":{"line":90,"column":2},"end":{"line":97,"column":null}},"73":{"start":{"line":91,"column":19},"end":{"line":91,"column":29}},"74":{"start":{"line":92,"column":19},"end":{"line":92,"column":38}},"75":{"start":{"line":93,"column":4},"end":{"line":93,"column":29}},"76":{"start":{"line":94,"column":4},"end":{"line":94,"column":40}},"77":{"start":{"line":96,"column":4},"end":{"line":96,"column":38}},"78":{"start":{"line":89,"column":13},"end":{"line":89,"column":42}},"79":{"start":{"line":100,"column":44},"end":{"line":109,"column":2}},"80":{"start":{"line":100,"column":82},"end":{"line":109,"column":2}},"81":{"start":{"line":101,"column":2},"end":{"line":108,"column":null}},"82":{"start":{"line":102,"column":19},"end":{"line":102,"column":29}},"83":{"start":{"line":103,"column":19},"end":{"line":103,"column":38}},"84":{"start":{"line":104,"column":4},"end":{"line":104,"column":31}},"85":{"start":{"line":105,"column":4},"end":{"line":105,"column":40}},"86":{"start":{"line":107,"column":4},"end":{"line":107,"column":38}},"87":{"start":{"line":100,"column":13},"end":{"line":100,"column":44}},"88":{"start":{"line":111,"column":45},"end":{"line":120,"column":2}},"89":{"start":{"line":111,"column":83},"end":{"line":120,"column":2}},"90":{"start":{"line":112,"column":2},"end":{"line":119,"column":null}},"91":{"start":{"line":113,"column":19},"end":{"line":113,"column":29}},"92":{"start":{"line":114,"column":19},"end":{"line":114,"column":38}},"93":{"start":{"line":115,"column":4},"end":{"line":115,"column":32}},"94":{"start":{"line":116,"column":4},"end":{"line":116,"column":40}},"95":{"start":{"line":118,"column":4},"end":{"line":118,"column":38}},"96":{"start":{"line":111,"column":13},"end":{"line":111,"column":45}},"97":{"start":{"line":122,"column":46},"end":{"line":131,"column":2}},"98":{"start":{"line":122,"column":84},"end":{"line":131,"column":2}},"99":{"start":{"line":123,"column":2},"end":{"line":130,"column":null}},"100":{"start":{"line":124,"column":19},"end":{"line":124,"column":29}},"101":{"start":{"line":125,"column":19},"end":{"line":125,"column":38}},"102":{"start":{"line":126,"column":4},"end":{"line":126,"column":33}},"103":{"start":{"line":127,"column":4},"end":{"line":127,"column":40}},"104":{"start":{"line":129,"column":4},"end":{"line":129,"column":38}},"105":{"start":{"line":122,"column":13},"end":{"line":122,"column":46}}},"fnMap":{"0":{"name":"(anonymous_14)","decl":{"start":{"line":11,"column":26},"end":{"line":11,"column":33}},"loc":{"start":{"line":11,"column":64},"end":{"line":50,"column":2}}},"1":{"name":"(anonymous_15)","decl":{"start":{"line":11,"column":64},"end":{"line":11,"column":null}},"loc":{"start":{"line":11,"column":64},"end":{"line":50,"column":1}}},"2":{"name":"(anonymous_16)","decl":{"start":{"line":51,"column":29},"end":{"line":51,"column":36}},"loc":{"start":{"line":51,"column":67},"end":{"line":59,"column":2}}},"3":{"name":"(anonymous_17)","decl":{"start":{"line":51,"column":67},"end":{"line":51,"column":null}},"loc":{"start":{"line":51,"column":67},"end":{"line":59,"column":1}}},"4":{"name":"(anonymous_18)","decl":{"start":{"line":61,"column":37},"end":{"line":61,"column":44}},"loc":{"start":{"line":61,"column":75},"end":{"line":76,"column":2}}},"5":{"name":"(anonymous_19)","decl":{"start":{"line":61,"column":75},"end":{"line":61,"column":null}},"loc":{"start":{"line":61,"column":75},"end":{"line":76,"column":1}}},"6":{"name":"(anonymous_20)","decl":{"start":{"line":78,"column":46},"end":{"line":78,"column":53}},"loc":{"start":{"line":78,"column":84},"end":{"line":87,"column":2}}},"7":{"name":"(anonymous_21)","decl":{"start":{"line":78,"column":84},"end":{"line":78,"column":null}},"loc":{"start":{"line":78,"column":84},"end":{"line":87,"column":1}}},"8":{"name":"(anonymous_22)","decl":{"start":{"line":89,"column":42},"end":{"line":89,"column":49}},"loc":{"start":{"line":89,"column":80},"end":{"line":98,"column":2}}},"9":{"name":"(anonymous_23)","decl":{"start":{"line":89,"column":80},"end":{"line":89,"column":null}},"loc":{"start":{"line":89,"column":80},"end":{"line":98,"column":1}}},"10":{"name":"(anonymous_24)","decl":{"start":{"line":100,"column":44},"end":{"line":100,"column":51}},"loc":{"start":{"line":100,"column":82},"end":{"line":109,"column":2}}},"11":{"name":"(anonymous_25)","decl":{"start":{"line":100,"column":82},"end":{"line":100,"column":null}},"loc":{"start":{"line":100,"column":82},"end":{"line":109,"column":1}}},"12":{"name":"(anonymous_26)","decl":{"start":{"line":111,"column":45},"end":{"line":111,"column":52}},"loc":{"start":{"line":111,"column":83},"end":{"line":120,"column":2}}},"13":{"name":"(anonymous_27)","decl":{"start":{"line":111,"column":83},"end":{"line":111,"column":null}},"loc":{"start":{"line":111,"column":83},"end":{"line":120,"column":1}}},"14":{"name":"(anonymous_28)","decl":{"start":{"line":122,"column":46},"end":{"line":122,"column":53}},"loc":{"start":{"line":122,"column":84},"end":{"line":131,"column":2}}},"15":{"name":"(anonymous_29)","decl":{"start":{"line":122,"column":84},"end":{"line":122,"column":null}},"loc":{"start":{"line":122,"column":84},"end":{"line":131,"column":1}}}},"branchMap":{"0":{"loc":{"start":{"line":14,"column":4},"end":{"line":21,"column":null}},"type":"if","locations":[{"start":{"line":14,"column":4},"end":{"line":21,"column":null}}]},"1":{"loc":{"start":{"line":14,"column":8},"end":{"line":14,"column":22}},"type":"binary-expr","locations":[{"start":{"line":14,"column":8},"end":{"line":14,"column":14}},{"start":{"line":14,"column":18},"end":{"line":14,"column":22}}]},"2":{"loc":{"start":{"line":17,"column":6},"end":{"line":17,"column":62}},"type":"if","locations":[{"start":{"line":17,"column":6},"end":{"line":17,"column":62}}]},"3":{"loc":{"start":{"line":22,"column":4},"end":{"line":29,"column":null}},"type":"if","locations":[{"start":{"line":22,"column":4},"end":{"line":29,"column":null}}]},"4":{"loc":{"start":{"line":25,"column":6},"end":{"line":25,"column":62}},"type":"if","locations":[{"start":{"line":25,"column":6},"end":{"line":25,"column":62}}]},"5":{"loc":{"start":{"line":30,"column":4},"end":{"line":37,"column":null}},"type":"if","locations":[{"start":{"line":30,"column":4},"end":{"line":37,"column":null}}]},"6":{"loc":{"start":{"line":33,"column":6},"end":{"line":33,"column":62}},"type":"if","locations":[{"start":{"line":33,"column":6},"end":{"line":33,"column":62}}]},"7":{"loc":{"start":{"line":38,"column":4},"end":{"line":45,"column":null}},"type":"if","locations":[{"start":{"line":38,"column":4},"end":{"line":45,"column":null}}]},"8":{"loc":{"start":{"line":38,"column":8},"end":{"line":38,"column":24}},"type":"binary-expr","locations":[{"start":{"line":38,"column":8},"end":{"line":38,"column":15}},{"start":{"line":38,"column":19},"end":{"line":38,"column":24}}]},"9":{"loc":{"start":{"line":41,"column":6},"end":{"line":41,"column":62}},"type":"if","locations":[{"start":{"line":41,"column":6},"end":{"line":41,"column":62}}]}},"s":{"0":0,"1":0,"2":0,"3":0,"4":0,"5":0,"6":0,"7":0,"8":0,"9":0,"10":0,"11":0,"12":0,"13":0,"14":0,"15":0,"16":0,"17":0,"18":0,"19":0,"20":0,"21":0,"22":0,"23":0,"24":0,"25":0,"26":0,"27":0,"28":0,"29":0,"30":0,"31":0,"32":0,"33":0,"34":0,"35":0,"36":0,"37":0,"38":0,"39":0,"40":0,"41":0,"42":0,"43":0,"44":0,"45":0,"46":0,"47":0,"48":0,"49":0,"50":0,"51":0,"52":0,"53":0,"54":0,"55":0,"56":0,"57":0,"58":0,"59":0,"60":0,"61":0,"62":0,"63":0,"64":0,"65":0,"66":0,"67":0,"68":0,"69":0,"70":0,"71":0,"72":0,"73":0,"74":0,"75":0,"76":0,"77":0,"78":0,"79":0,"80":0,"81":0,"82":0,"83":0,"84":0,"85":0,"86":0,"87":0,"88":0,"89":0,"90":0,"91":0,"92":0,"93":0,"94":0,"95":0,"96":0,"97":0,"98":0,"99":0,"100":0,"101":0,"102":0,"103":0,"104":0,"105":0},"f":{"0":0,"1":0,"2":0,"3":0,"4":0,"5":0,"6":0,"7":0,"8":0,"9":0,"10":0,"11":0,"12":0,"13":0,"14":0,"15":0},"b":{"0":[0],"1":[0,0],"2":[0],"3":[0],"4":[0],"5":[0],"6":[0],"7":[0],"8":[0,0],"9":[0]}}
,"D:\\Almacenamiento\\Programación\\Proyectos propios\\conexa-sw-apud-api\\src\\controllers\\planets.controller.ts": {"path":"D:\\Almacenamiento\\Programación\\Proyectos propios\\conexa-sw-apud-api\\src\\controllers\\planets.controller.ts","statementMap":{"0":{"start":{"line":2,"column":0},"end":{"line":2,"column":35}},"1":{"start":{"line":3,"column":0},"end":{"line":3,"column":66}},"2":{"start":{"line":4,"column":0},"end":{"line":4,"column":null}},"3":{"start":{"line":7,"column":0},"end":{"line":7,"column":62}},"4":{"start":{"line":9,"column":14},"end":{"line":9,"column":63}},"5":{"start":{"line":11,"column":26},"end":{"line":50,"column":2}},"6":{"start":{"line":11,"column":64},"end":{"line":50,"column":2}},"7":{"start":{"line":12,"column":2},"end":{"line":49,"column":null}},"8":{"start":{"line":13,"column":29},"end":{"line":13,"column":74}},"9":{"start":{"line":14,"column":4},"end":{"line":21,"column":null}},"10":{"start":{"line":15,"column":23},"end":{"line":15,"column":73}},"11":{"start":{"line":16,"column":25},"end":{"line":16,"column":50}},"12":{"start":{"line":17,"column":6},"end":{"line":17,"column":62}},"13":{"start":{"line":17,"column":22},"end":{"line":17,"column":62}},"14":{"start":{"line":18,"column":22},"end":{"line":18,"column":67}},"15":{"start":{"line":19,"column":6},"end":{"line":19,"column":35}},"16":{"start":{"line":20,"column":6},"end":{"line":20,"column":43}},"17":{"start":{"line":22,"column":4},"end":{"line":29,"column":null}},"18":{"start":{"line":23,"column":23},"end":{"line":23,"column":60}},"19":{"start":{"line":24,"column":25},"end":{"line":24,"column":50}},"20":{"start":{"line":25,"column":6},"end":{"line":25,"column":62}},"21":{"start":{"line":25,"column":22},"end":{"line":25,"column":62}},"22":{"start":{"line":26,"column":22},"end":{"line":26,"column":54}},"23":{"start":{"line":27,"column":6},"end":{"line":27,"column":35}},"24":{"start":{"line":28,"column":6},"end":{"line":28,"column":43}},"25":{"start":{"line":30,"column":4},"end":{"line":37,"column":null}},"26":{"start":{"line":31,"column":23},"end":{"line":31,"column":56}},"27":{"start":{"line":32,"column":25},"end":{"line":32,"column":50}},"28":{"start":{"line":33,"column":6},"end":{"line":33,"column":62}},"29":{"start":{"line":33,"column":22},"end":{"line":33,"column":62}},"30":{"start":{"line":34,"column":22},"end":{"line":34,"column":50}},"31":{"start":{"line":35,"column":6},"end":{"line":35,"column":35}},"32":{"start":{"line":36,"column":6},"end":{"line":36,"column":43}},"33":{"start":{"line":38,"column":4},"end":{"line":45,"column":null}},"34":{"start":{"line":39,"column":23},"end":{"line":39,"column":42}},"35":{"start":{"line":40,"column":25},"end":{"line":40,"column":50}},"36":{"start":{"line":41,"column":6},"end":{"line":41,"column":62}},"37":{"start":{"line":41,"column":22},"end":{"line":41,"column":62}},"38":{"start":{"line":42,"column":22},"end":{"line":42,"column":43}},"39":{"start":{"line":43,"column":6},"end":{"line":43,"column":35}},"40":{"start":{"line":44,"column":6},"end":{"line":44,"column":43}},"41":{"start":{"line":46,"column":4},"end":{"line":46,"column":40}},"42":{"start":{"line":48,"column":4},"end":{"line":48,"column":38}},"43":{"start":{"line":11,"column":13},"end":{"line":11,"column":26}},"44":{"start":{"line":51,"column":30},"end":{"line":59,"column":2}},"45":{"start":{"line":51,"column":68},"end":{"line":59,"column":2}},"46":{"start":{"line":52,"column":2},"end":{"line":58,"column":null}},"47":{"start":{"line":53,"column":19},"end":{"line":53,"column":29}},"48":{"start":{"line":54,"column":20},"end":{"line":54,"column":39}},"49":{"start":{"line":55,"column":4},"end":{"line":55,"column":41}},"50":{"start":{"line":57,"column":4},"end":{"line":57,"column":38}},"51":{"start":{"line":51,"column":13},"end":{"line":51,"column":30}},"52":{"start":{"line":61,"column":38},"end":{"line":74,"column":2}},"53":{"start":{"line":61,"column":76},"end":{"line":74,"column":2}},"54":{"start":{"line":62,"column":2},"end":{"line":73,"column":null}},"55":{"start":{"line":63,"column":19},"end":{"line":63,"column":29}},"56":{"start":{"line":64,"column":20},"end":{"line":64,"column":39}},"57":{"start":{"line":65,"column":4},"end":{"line":68,"column":7}},"58":{"start":{"line":69,"column":4},"end":{"line":69,"column":41}},"59":{"start":{"line":71,"column":4},"end":{"line":71,"column":25}},"60":{"start":{"line":72,"column":4},"end":{"line":72,"column":38}},"61":{"start":{"line":61,"column":13},"end":{"line":61,"column":38}},"62":{"start":{"line":76,"column":48},"end":{"line":85,"column":2}},"63":{"start":{"line":76,"column":86},"end":{"line":85,"column":2}},"64":{"start":{"line":77,"column":2},"end":{"line":84,"column":null}},"65":{"start":{"line":78,"column":19},"end":{"line":78,"column":29}},"66":{"start":{"line":79,"column":20},"end":{"line":79,"column":39}},"67":{"start":{"line":80,"column":4},"end":{"line":80,"column":34}},"68":{"start":{"line":81,"column":4},"end":{"line":81,"column":41}},"69":{"start":{"line":83,"column":4},"end":{"line":83,"column":38}},"70":{"start":{"line":76,"column":13},"end":{"line":76,"column":48}},"71":{"start":{"line":87,"column":43},"end":{"line":96,"column":2}},"72":{"start":{"line":87,"column":81},"end":{"line":96,"column":2}},"73":{"start":{"line":88,"column":2},"end":{"line":95,"column":null}},"74":{"start":{"line":89,"column":19},"end":{"line":89,"column":29}},"75":{"start":{"line":90,"column":20},"end":{"line":90,"column":39}},"76":{"start":{"line":91,"column":4},"end":{"line":91,"column":30}},"77":{"start":{"line":92,"column":4},"end":{"line":92,"column":41}},"78":{"start":{"line":94,"column":4},"end":{"line":94,"column":38}},"79":{"start":{"line":87,"column":13},"end":{"line":87,"column":43}}},"fnMap":{"0":{"name":"(anonymous_14)","decl":{"start":{"line":11,"column":26},"end":{"line":11,"column":33}},"loc":{"start":{"line":11,"column":64},"end":{"line":50,"column":2}}},"1":{"name":"(anonymous_15)","decl":{"start":{"line":11,"column":64},"end":{"line":11,"column":null}},"loc":{"start":{"line":11,"column":64},"end":{"line":50,"column":1}}},"2":{"name":"(anonymous_16)","decl":{"start":{"line":51,"column":30},"end":{"line":51,"column":37}},"loc":{"start":{"line":51,"column":68},"end":{"line":59,"column":2}}},"3":{"name":"(anonymous_17)","decl":{"start":{"line":51,"column":68},"end":{"line":51,"column":null}},"loc":{"start":{"line":51,"column":68},"end":{"line":59,"column":1}}},"4":{"name":"(anonymous_18)","decl":{"start":{"line":61,"column":38},"end":{"line":61,"column":45}},"loc":{"start":{"line":61,"column":76},"end":{"line":74,"column":2}}},"5":{"name":"(anonymous_19)","decl":{"start":{"line":61,"column":76},"end":{"line":61,"column":null}},"loc":{"start":{"line":61,"column":76},"end":{"line":74,"column":1}}},"6":{"name":"(anonymous_20)","decl":{"start":{"line":76,"column":48},"end":{"line":76,"column":55}},"loc":{"start":{"line":76,"column":86},"end":{"line":85,"column":2}}},"7":{"name":"(anonymous_21)","decl":{"start":{"line":76,"column":86},"end":{"line":76,"column":null}},"loc":{"start":{"line":76,"column":86},"end":{"line":85,"column":1}}},"8":{"name":"(anonymous_22)","decl":{"start":{"line":87,"column":43},"end":{"line":87,"column":50}},"loc":{"start":{"line":87,"column":81},"end":{"line":96,"column":2}}},"9":{"name":"(anonymous_23)","decl":{"start":{"line":87,"column":81},"end":{"line":87,"column":null}},"loc":{"start":{"line":87,"column":81},"end":{"line":96,"column":1}}}},"branchMap":{"0":{"loc":{"start":{"line":14,"column":4},"end":{"line":21,"column":null}},"type":"if","locations":[{"start":{"line":14,"column":4},"end":{"line":21,"column":null}}]},"1":{"loc":{"start":{"line":14,"column":8},"end":{"line":14,"column":22}},"type":"binary-expr","locations":[{"start":{"line":14,"column":8},"end":{"line":14,"column":14}},{"start":{"line":14,"column":18},"end":{"line":14,"column":22}}]},"2":{"loc":{"start":{"line":17,"column":6},"end":{"line":17,"column":62}},"type":"if","locations":[{"start":{"line":17,"column":6},"end":{"line":17,"column":62}}]},"3":{"loc":{"start":{"line":22,"column":4},"end":{"line":29,"column":null}},"type":"if","locations":[{"start":{"line":22,"column":4},"end":{"line":29,"column":null}}]},"4":{"loc":{"start":{"line":25,"column":6},"end":{"line":25,"column":62}},"type":"if","locations":[{"start":{"line":25,"column":6},"end":{"line":25,"column":62}}]},"5":{"loc":{"start":{"line":30,"column":4},"end":{"line":37,"column":null}},"type":"if","locations":[{"start":{"line":30,"column":4},"end":{"line":37,"column":null}}]},"6":{"loc":{"start":{"line":33,"column":6},"end":{"line":33,"column":62}},"type":"if","locations":[{"start":{"line":33,"column":6},"end":{"line":33,"column":62}}]},"7":{"loc":{"start":{"line":38,"column":4},"end":{"line":45,"column":null}},"type":"if","locations":[{"start":{"line":38,"column":4},"end":{"line":45,"column":null}}]},"8":{"loc":{"start":{"line":38,"column":8},"end":{"line":38,"column":24}},"type":"binary-expr","locations":[{"start":{"line":38,"column":8},"end":{"line":38,"column":15}},{"start":{"line":38,"column":19},"end":{"line":38,"column":24}}]},"9":{"loc":{"start":{"line":41,"column":6},"end":{"line":41,"column":62}},"type":"if","locations":[{"start":{"line":41,"column":6},"end":{"line":41,"column":62}}]}},"s":{"0":0,"1":0,"2":0,"3":0,"4":0,"5":0,"6":0,"7":0,"8":0,"9":0,"10":0,"11":0,"12":0,"13":0,"14":0,"15":0,"16":0,"17":0,"18":0,"19":0,"20":0,"21":0,"22":0,"23":0,"24":0,"25":0,"26":0,"27":0,"28":0,"29":0,"30":0,"31":0,"32":0,"33":0,"34":0,"35":0,"36":0,"37":0,"38":0,"39":0,"40":0,"41":0,"42":0,"43":0,"44":0,"45":0,"46":0,"47":0,"48":0,"49":0,"50":0,"51":0,"52":0,"53":0,"54":0,"55":0,"56":0,"57":0,"58":0,"59":0,"60":0,"61":0,"62":0,"63":0,"64":0,"65":0,"66":0,"67":0,"68":0,"69":0,"70":0,"71":0,"72":0,"73":0,"74":0,"75":0,"76":0,"77":0,"78":0,"79":0},"f":{"0":0,"1":0,"2":0,"3":0,"4":0,"5":0,"6":0,"7":0,"8":0,"9":0},"b":{"0":[0],"1":[0,0],"2":[0],"3":[0],"4":[0],"5":[0],"6":[0],"7":[0],"8":[0,0],"9":[0]}}
,"D:\\Almacenamiento\\Programación\\Proyectos propios\\conexa-sw-apud-api\\src\\controllers\\species.controller.ts": {"path":"D:\\Almacenamiento\\Programación\\Proyectos propios\\conexa-sw-apud-api\\src\\controllers\\species.controller.ts","statementMap":{"0":{"start":{"line":2,"column":0},"end":{"line":2,"column":35}},"1":{"start":{"line":3,"column":0},"end":{"line":3,"column":66}},"2":{"start":{"line":4,"column":0},"end":{"line":4,"column":null}},"3":{"start":{"line":7,"column":0},"end":{"line":7,"column":62}},"4":{"start":{"line":9,"column":14},"end":{"line":9,"column":63}},"5":{"start":{"line":11,"column":32},"end":{"line":50,"column":2}},"6":{"start":{"line":11,"column":70},"end":{"line":50,"column":2}},"7":{"start":{"line":12,"column":2},"end":{"line":49,"column":null}},"8":{"start":{"line":13,"column":29},"end":{"line":13,"column":74}},"9":{"start":{"line":14,"column":4},"end":{"line":21,"column":null}},"10":{"start":{"line":15,"column":23},"end":{"line":15,"column":73}},"11":{"start":{"line":16,"column":25},"end":{"line":16,"column":50}},"12":{"start":{"line":17,"column":6},"end":{"line":17,"column":62}},"13":{"start":{"line":17,"column":22},"end":{"line":17,"column":62}},"14":{"start":{"line":18,"column":22},"end":{"line":18,"column":67}},"15":{"start":{"line":19,"column":6},"end":{"line":19,"column":35}},"16":{"start":{"line":20,"column":6},"end":{"line":20,"column":43}},"17":{"start":{"line":22,"column":4},"end":{"line":29,"column":null}},"18":{"start":{"line":23,"column":23},"end":{"line":23,"column":60}},"19":{"start":{"line":24,"column":25},"end":{"line":24,"column":50}},"20":{"start":{"line":25,"column":6},"end":{"line":25,"column":62}},"21":{"start":{"line":25,"column":22},"end":{"line":25,"column":62}},"22":{"start":{"line":26,"column":22},"end":{"line":26,"column":54}},"23":{"start":{"line":27,"column":6},"end":{"line":27,"column":35}},"24":{"start":{"line":28,"column":6},"end":{"line":28,"column":43}},"25":{"start":{"line":30,"column":4},"end":{"line":37,"column":null}},"26":{"start":{"line":31,"column":23},"end":{"line":31,"column":56}},"27":{"start":{"line":32,"column":25},"end":{"line":32,"column":50}},"28":{"start":{"line":33,"column":6},"end":{"line":33,"column":62}},"29":{"start":{"line":33,"column":22},"end":{"line":33,"column":62}},"30":{"start":{"line":34,"column":22},"end":{"line":34,"column":50}},"31":{"start":{"line":35,"column":6},"end":{"line":35,"column":35}},"32":{"start":{"line":36,"column":6},"end":{"line":36,"column":43}},"33":{"start":{"line":38,"column":4},"end":{"line":45,"column":null}},"34":{"start":{"line":39,"column":23},"end":{"line":39,"column":42}},"35":{"start":{"line":40,"column":25},"end":{"line":40,"column":50}},"36":{"start":{"line":41,"column":6},"end":{"line":41,"column":62}},"37":{"start":{"line":41,"column":22},"end":{"line":41,"column":62}},"38":{"start":{"line":42,"column":22},"end":{"line":42,"column":43}},"39":{"start":{"line":43,"column":6},"end":{"line":43,"column":35}},"40":{"start":{"line":44,"column":6},"end":{"line":44,"column":43}},"41":{"start":{"line":46,"column":4},"end":{"line":46,"column":40}},"42":{"start":{"line":48,"column":4},"end":{"line":48,"column":38}},"43":{"start":{"line":11,"column":13},"end":{"line":11,"column":32}},"44":{"start":{"line":51,"column":30},"end":{"line":59,"column":2}},"45":{"start":{"line":51,"column":68},"end":{"line":59,"column":2}},"46":{"start":{"line":52,"column":2},"end":{"line":58,"column":null}},"47":{"start":{"line":53,"column":19},"end":{"line":53,"column":29}},"48":{"start":{"line":54,"column":20},"end":{"line":54,"column":40}},"49":{"start":{"line":55,"column":4},"end":{"line":55,"column":41}},"50":{"start":{"line":57,"column":4},"end":{"line":57,"column":38}},"51":{"start":{"line":51,"column":13},"end":{"line":51,"column":30}},"52":{"start":{"line":61,"column":38},"end":{"line":74,"column":2}},"53":{"start":{"line":61,"column":76},"end":{"line":74,"column":2}},"54":{"start":{"line":62,"column":2},"end":{"line":73,"column":null}},"55":{"start":{"line":63,"column":19},"end":{"line":63,"column":29}},"56":{"start":{"line":64,"column":20},"end":{"line":64,"column":40}},"57":{"start":{"line":65,"column":4},"end":{"line":68,"column":7}},"58":{"start":{"line":69,"column":4},"end":{"line":69,"column":41}},"59":{"start":{"line":71,"column":4},"end":{"line":71,"column":25}},"60":{"start":{"line":72,"column":4},"end":{"line":72,"column":38}},"61":{"start":{"line":61,"column":13},"end":{"line":61,"column":38}},"62":{"start":{"line":76,"column":44},"end":{"line":85,"column":2}},"63":{"start":{"line":76,"column":82},"end":{"line":85,"column":2}},"64":{"start":{"line":77,"column":2},"end":{"line":84,"column":null}},"65":{"start":{"line":78,"column":19},"end":{"line":78,"column":29}},"66":{"start":{"line":79,"column":20},"end":{"line":79,"column":40}},"67":{"start":{"line":80,"column":4},"end":{"line":80,"column":31}},"68":{"start":{"line":81,"column":4},"end":{"line":81,"column":41}},"69":{"start":{"line":83,"column":4},"end":{"line":83,"column":38}},"70":{"start":{"line":76,"column":13},"end":{"line":76,"column":44}},"71":{"start":{"line":87,"column":43},"end":{"line":96,"column":2}},"72":{"start":{"line":87,"column":81},"end":{"line":96,"column":2}},"73":{"start":{"line":88,"column":2},"end":{"line":95,"column":null}},"74":{"start":{"line":89,"column":19},"end":{"line":89,"column":29}},"75":{"start":{"line":90,"column":20},"end":{"line":90,"column":40}},"76":{"start":{"line":91,"column":4},"end":{"line":91,"column":30}},"77":{"start":{"line":92,"column":4},"end":{"line":92,"column":41}},"78":{"start":{"line":94,"column":4},"end":{"line":94,"column":38}},"79":{"start":{"line":87,"column":13},"end":{"line":87,"column":43}}},"fnMap":{"0":{"name":"(anonymous_14)","decl":{"start":{"line":11,"column":32},"end":{"line":11,"column":39}},"loc":{"start":{"line":11,"column":70},"end":{"line":50,"column":2}}},"1":{"name":"(anonymous_15)","decl":{"start":{"line":11,"column":70},"end":{"line":11,"column":null}},"loc":{"start":{"line":11,"column":70},"end":{"line":50,"column":1}}},"2":{"name":"(anonymous_16)","decl":{"start":{"line":51,"column":30},"end":{"line":51,"column":37}},"loc":{"start":{"line":51,"column":68},"end":{"line":59,"column":2}}},"3":{"name":"(anonymous_17)","decl":{"start":{"line":51,"column":68},"end":{"line":51,"column":null}},"loc":{"start":{"line":51,"column":68},"end":{"line":59,"column":1}}},"4":{"name":"(anonymous_18)","decl":{"start":{"line":61,"column":38},"end":{"line":61,"column":45}},"loc":{"start":{"line":61,"column":76},"end":{"line":74,"column":2}}},"5":{"name":"(anonymous_19)","decl":{"start":{"line":61,"column":76},"end":{"line":61,"column":null}},"loc":{"start":{"line":61,"column":76},"end":{"line":74,"column":1}}},"6":{"name":"(anonymous_20)","decl":{"start":{"line":76,"column":44},"end":{"line":76,"column":51}},"loc":{"start":{"line":76,"column":82},"end":{"line":85,"column":2}}},"7":{"name":"(anonymous_21)","decl":{"start":{"line":76,"column":82},"end":{"line":76,"column":null}},"loc":{"start":{"line":76,"column":82},"end":{"line":85,"column":1}}},"8":{"name":"(anonymous_22)","decl":{"start":{"line":87,"column":43},"end":{"line":87,"column":50}},"loc":{"start":{"line":87,"column":81},"end":{"line":96,"column":2}}},"9":{"name":"(anonymous_23)","decl":{"start":{"line":87,"column":81},"end":{"line":87,"column":null}},"loc":{"start":{"line":87,"column":81},"end":{"line":96,"column":1}}}},"branchMap":{"0":{"loc":{"start":{"line":14,"column":4},"end":{"line":21,"column":null}},"type":"if","locations":[{"start":{"line":14,"column":4},"end":{"line":21,"column":null}}]},"1":{"loc":{"start":{"line":14,"column":8},"end":{"line":14,"column":22}},"type":"binary-expr","locations":[{"start":{"line":14,"column":8},"end":{"line":14,"column":14}},{"start":{"line":14,"column":18},"end":{"line":14,"column":22}}]},"2":{"loc":{"start":{"line":17,"column":6},"end":{"line":17,"column":62}},"type":"if","locations":[{"start":{"line":17,"column":6},"end":{"line":17,"column":62}}]},"3":{"loc":{"start":{"line":22,"column":4},"end":{"line":29,"column":null}},"type":"if","locations":[{"start":{"line":22,"column":4},"end":{"line":29,"column":null}}]},"4":{"loc":{"start":{"line":25,"column":6},"end":{"line":25,"column":62}},"type":"if","locations":[{"start":{"line":25,"column":6},"end":{"line":25,"column":62}}]},"5":{"loc":{"start":{"line":30,"column":4},"end":{"line":37,"column":null}},"type":"if","locations":[{"start":{"line":30,"column":4},"end":{"line":37,"column":null}}]},"6":{"loc":{"start":{"line":33,"column":6},"end":{"line":33,"column":62}},"type":"if","locations":[{"start":{"line":33,"column":6},"end":{"line":33,"column":62}}]},"7":{"loc":{"start":{"line":38,"column":4},"end":{"line":45,"column":null}},"type":"if","locations":[{"start":{"line":38,"column":4},"end":{"line":45,"column":null}}]},"8":{"loc":{"start":{"line":38,"column":8},"end":{"line":38,"column":24}},"type":"binary-expr","locations":[{"start":{"line":38,"column":8},"end":{"line":38,"column":15}},{"start":{"line":38,"column":19},"end":{"line":38,"column":24}}]},"9":{"loc":{"start":{"line":41,"column":6},"end":{"line":41,"column":62}},"type":"if","locations":[{"start":{"line":41,"column":6},"end":{"line":41,"column":62}}]}},"s":{"0":0,"1":0,"2":0,"3":0,"4":0,"5":0,"6":0,"7":0,"8":0,"9":0,"10":0,"11":0,"12":0,"13":0,"14":0,"15":0,"16":0,"17":0,"18":0,"19":0,"20":0,"21":0,"22":0,"23":0,"24":0,"25":0,"26":0,"27":0,"28":0,"29":0,"30":0,"31":0,"32":0,"33":0,"34":0,"35":0,"36":0,"37":0,"38":0,"39":0,"40":0,"41":0,"42":0,"43":0,"44":0,"45":0,"46":0,"47":0,"48":0,"49":0,"50":0,"51":0,"52":0,"53":0,"54":0,"55":0,"56":0,"57":0,"58":0,"59":0,"60":0,"61":0,"62":0,"63":0,"64":0,"65":0,"66":0,"67":0,"68":0,"69":0,"70":0,"71":0,"72":0,"73":0,"74":0,"75":0,"76":0,"77":0,"78":0,"79":0},"f":{"0":0,"1":0,"2":0,"3":0,"4":0,"5":0,"6":0,"7":0,"8":0,"9":0},"b":{"0":[0],"1":[0,0],"2":[0],"3":[0],"4":[0],"5":[0],"6":[0],"7":[0],"8":[0,0],"9":[0]}}
,"D:\\Almacenamiento\\Programación\\Proyectos propios\\conexa-sw-apud-api\\src\\controllers\\starships.controller.ts": {"path":"D:\\Almacenamiento\\Programación\\Proyectos propios\\conexa-sw-apud-api\\src\\controllers\\starships.controller.ts","statementMap":{"0":{"start":{"line":2,"column":0},"end":{"line":2,"column":35}},"1":{"start":{"line":3,"column":0},"end":{"line":3,"column":66}},"2":{"start":{"line":4,"column":0},"end":{"line":4,"column":null}},"3":{"start":{"line":7,"column":0},"end":{"line":7,"column":62}},"4":{"start":{"line":9,"column":14},"end":{"line":9,"column":63}},"5":{"start":{"line":11,"column":28},"end":{"line":50,"column":2}},"6":{"start":{"line":11,"column":66},"end":{"line":50,"column":2}},"7":{"start":{"line":12,"column":2},"end":{"line":49,"column":null}},"8":{"start":{"line":13,"column":29},"end":{"line":13,"column":74}},"9":{"start":{"line":14,"column":4},"end":{"line":21,"column":null}},"10":{"start":{"line":15,"column":23},"end":{"line":15,"column":75}},"11":{"start":{"line":16,"column":25},"end":{"line":16,"column":50}},"12":{"start":{"line":17,"column":6},"end":{"line":17,"column":62}},"13":{"start":{"line":17,"column":22},"end":{"line":17,"column":62}},"14":{"start":{"line":18,"column":23},"end":{"line":18,"column":70}},"15":{"start":{"line":19,"column":6},"end":{"line":19,"column":36}},"16":{"start":{"line":20,"column":6},"end":{"line":20,"column":44}},"17":{"start":{"line":22,"column":4},"end":{"line":29,"column":null}},"18":{"start":{"line":23,"column":23},"end":{"line":23,"column":62}},"19":{"start":{"line":24,"column":25},"end":{"line":24,"column":50}},"20":{"start":{"line":25,"column":6},"end":{"line":25,"column":62}},"21":{"start":{"line":25,"column":22},"end":{"line":25,"column":62}},"22":{"start":{"line":26,"column":23},"end":{"line":26,"column":57}},"23":{"start":{"line":27,"column":6},"end":{"line":27,"column":36}},"24":{"start":{"line":28,"column":6},"end":{"line":28,"column":44}},"25":{"start":{"line":30,"column":4},"end":{"line":37,"column":null}},"26":{"start":{"line":31,"column":23},"end":{"line":31,"column":58}},"27":{"start":{"line":32,"column":25},"end":{"line":32,"column":50}},"28":{"start":{"line":33,"column":6},"end":{"line":33,"column":62}},"29":{"start":{"line":33,"column":22},"end":{"line":33,"column":62}},"30":{"start":{"line":34,"column":23},"end":{"line":34,"column":53}},"31":{"start":{"line":35,"column":6},"end":{"line":35,"column":36}},"32":{"start":{"line":36,"column":6},"end":{"line":36,"column":44}},"33":{"start":{"line":38,"column":4},"end":{"line":45,"column":null}},"34":{"start":{"line":39,"column":23},"end":{"line":39,"column":44}},"35":{"start":{"line":40,"column":25},"end":{"line":40,"column":50}},"36":{"start":{"line":41,"column":6},"end":{"line":41,"column":62}},"37":{"start":{"line":41,"column":22},"end":{"line":41,"column":62}},"38":{"start":{"line":42,"column":23},"end":{"line":42,"column":46}},"39":{"start":{"line":43,"column":6},"end":{"line":43,"column":36}},"40":{"start":{"line":44,"column":6},"end":{"line":44,"column":44}},"41":{"start":{"line":46,"column":4},"end":{"line":46,"column":40}},"42":{"start":{"line":48,"column":4},"end":{"line":48,"column":38}},"43":{"start":{"line":11,"column":13},"end":{"line":11,"column":28}},"44":{"start":{"line":51,"column":32},"end":{"line":59,"column":2}},"45":{"start":{"line":51,"column":70},"end":{"line":59,"column":2}},"46":{"start":{"line":52,"column":2},"end":{"line":58,"column":null}},"47":{"start":{"line":53,"column":19},"end":{"line":53,"column":29}},"48":{"start":{"line":54,"column":21},"end":{"line":54,"column":42}},"49":{"start":{"line":55,"column":4},"end":{"line":55,"column":42}},"50":{"start":{"line":57,"column":4},"end":{"line":57,"column":38}},"51":{"start":{"line":51,"column":13},"end":{"line":51,"column":32}},"52":{"start":{"line":61,"column":40},"end":{"line":74,"column":2}},"53":{"start":{"line":61,"column":78},"end":{"line":74,"column":2}},"54":{"start":{"line":62,"column":2},"end":{"line":73,"column":null}},"55":{"start":{"line":63,"column":19},"end":{"line":63,"column":29}},"56":{"start":{"line":64,"column":21},"end":{"line":64,"column":42}},"57":{"start":{"line":65,"column":4},"end":{"line":68,"column":7}},"58":{"start":{"line":69,"column":4},"end":{"line":69,"column":42}},"59":{"start":{"line":71,"column":4},"end":{"line":71,"column":25}},"60":{"start":{"line":72,"column":4},"end":{"line":72,"column":38}},"61":{"start":{"line":61,"column":13},"end":{"line":61,"column":40}},"62":{"start":{"line":76,"column":46},"end":{"line":85,"column":2}},"63":{"start":{"line":76,"column":84},"end":{"line":85,"column":2}},"64":{"start":{"line":77,"column":2},"end":{"line":84,"column":null}},"65":{"start":{"line":78,"column":19},"end":{"line":78,"column":29}},"66":{"start":{"line":79,"column":21},"end":{"line":79,"column":42}},"67":{"start":{"line":80,"column":4},"end":{"line":80,"column":32}},"68":{"start":{"line":81,"column":4},"end":{"line":81,"column":42}},"69":{"start":{"line":83,"column":4},"end":{"line":83,"column":38}},"70":{"start":{"line":76,"column":13},"end":{"line":76,"column":46}},"71":{"start":{"line":87,"column":45},"end":{"line":96,"column":2}},"72":{"start":{"line":87,"column":83},"end":{"line":96,"column":2}},"73":{"start":{"line":88,"column":2},"end":{"line":95,"column":null}},"74":{"start":{"line":89,"column":19},"end":{"line":89,"column":29}},"75":{"start":{"line":90,"column":21},"end":{"line":90,"column":42}},"76":{"start":{"line":91,"column":4},"end":{"line":91,"column":31}},"77":{"start":{"line":92,"column":4},"end":{"line":92,"column":42}},"78":{"start":{"line":94,"column":4},"end":{"line":94,"column":38}},"79":{"start":{"line":87,"column":13},"end":{"line":87,"column":45}}},"fnMap":{"0":{"name":"(anonymous_14)","decl":{"start":{"line":11,"column":28},"end":{"line":11,"column":35}},"loc":{"start":{"line":11,"column":66},"end":{"line":50,"column":2}}},"1":{"name":"(anonymous_15)","decl":{"start":{"line":11,"column":66},"end":{"line":11,"column":null}},"loc":{"start":{"line":11,"column":66},"end":{"line":50,"column":1}}},"2":{"name":"(anonymous_16)","decl":{"start":{"line":51,"column":32},"end":{"line":51,"column":39}},"loc":{"start":{"line":51,"column":70},"end":{"line":59,"column":2}}},"3":{"name":"(anonymous_17)","decl":{"start":{"line":51,"column":70},"end":{"line":51,"column":null}},"loc":{"start":{"line":51,"column":70},"end":{"line":59,"column":1}}},"4":{"name":"(anonymous_18)","decl":{"start":{"line":61,"column":40},"end":{"line":61,"column":47}},"loc":{"start":{"line":61,"column":78},"end":{"line":74,"column":2}}},"5":{"name":"(anonymous_19)","decl":{"start":{"line":61,"column":78},"end":{"line":61,"column":null}},"loc":{"start":{"line":61,"column":78},"end":{"line":74,"column":1}}},"6":{"name":"(anonymous_20)","decl":{"start":{"line":76,"column":46},"end":{"line":76,"column":53}},"loc":{"start":{"line":76,"column":84},"end":{"line":85,"column":2}}},"7":{"name":"(anonymous_21)","decl":{"start":{"line":76,"column":84},"end":{"line":76,"column":null}},"loc":{"start":{"line":76,"column":84},"end":{"line":85,"column":1}}},"8":{"name":"(anonymous_22)","decl":{"start":{"line":87,"column":45},"end":{"line":87,"column":52}},"loc":{"start":{"line":87,"column":83},"end":{"line":96,"column":2}}},"9":{"name":"(anonymous_23)","decl":{"start":{"line":87,"column":83},"end":{"line":87,"column":null}},"loc":{"start":{"line":87,"column":83},"end":{"line":96,"column":1}}}},"branchMap":{"0":{"loc":{"start":{"line":14,"column":4},"end":{"line":21,"column":null}},"type":"if","locations":[{"start":{"line":14,"column":4},"end":{"line":21,"column":null}}]},"1":{"loc":{"start":{"line":14,"column":8},"end":{"line":14,"column":22}},"type":"binary-expr","locations":[{"start":{"line":14,"column":8},"end":{"line":14,"column":14}},{"start":{"line":14,"column":18},"end":{"line":14,"column":22}}]},"2":{"loc":{"start":{"line":17,"column":6},"end":{"line":17,"column":62}},"type":"if","locations":[{"start":{"line":17,"column":6},"end":{"line":17,"column":62}}]},"3":{"loc":{"start":{"line":22,"column":4},"end":{"line":29,"column":null}},"type":"if","locations":[{"start":{"line":22,"column":4},"end":{"line":29,"column":null}}]},"4":{"loc":{"start":{"line":25,"column":6},"end":{"line":25,"column":62}},"type":"if","locations":[{"start":{"line":25,"column":6},"end":{"line":25,"column":62}}]},"5":{"loc":{"start":{"line":30,"column":4},"end":{"line":37,"column":null}},"type":"if","locations":[{"start":{"line":30,"column":4},"end":{"line":37,"column":null}}]},"6":{"loc":{"start":{"line":33,"column":6},"end":{"line":33,"column":62}},"type":"if","locations":[{"start":{"line":33,"column":6},"end":{"line":33,"column":62}}]},"7":{"loc":{"start":{"line":38,"column":4},"end":{"line":45,"column":null}},"type":"if","locations":[{"start":{"line":38,"column":4},"end":{"line":45,"column":null}}]},"8":{"loc":{"start":{"line":38,"column":8},"end":{"line":38,"column":24}},"type":"binary-expr","locations":[{"start":{"line":38,"column":8},"end":{"line":38,"column":15}},{"start":{"line":38,"column":19},"end":{"line":38,"column":24}}]},"9":{"loc":{"start":{"line":41,"column":6},"end":{"line":41,"column":62}},"type":"if","locations":[{"start":{"line":41,"column":6},"end":{"line":41,"column":62}}]}},"s":{"0":0,"1":0,"2":0,"3":0,"4":0,"5":0,"6":0,"7":0,"8":0,"9":0,"10":0,"11":0,"12":0,"13":0,"14":0,"15":0,"16":0,"17":0,"18":0,"19":0,"20":0,"21":0,"22":0,"23":0,"24":0,"25":0,"26":0,"27":0,"28":0,"29":0,"30":0,"31":0,"32":0,"33":0,"34":0,"35":0,"36":0,"37":0,"38":0,"39":0,"40":0,"41":0,"42":0,"43":0,"44":0,"45":0,"46":0,"47":0,"48":0,"49":0,"50":0,"51":0,"52":0,"53":0,"54":0,"55":0,"56":0,"57":0,"58":0,"59":0,"60":0,"61":0,"62":0,"63":0,"64":0,"65":0,"66":0,"67":0,"68":0,"69":0,"70":0,"71":0,"72":0,"73":0,"74":0,"75":0,"76":0,"77":0,"78":0,"79":0},"f":{"0":0,"1":0,"2":0,"3":0,"4":0,"5":0,"6":0,"7":0,"8":0,"9":0},"b":{"0":[0],"1":[0,0],"2":[0],"3":[0],"4":[0],"5":[0],"6":[0],"7":[0],"8":[0,0],"9":[0]}}
,"D:\\Almacenamiento\\Programación\\Proyectos propios\\conexa-sw-apud-api\\src\\controllers\\vehicles.controller.ts": {"path":"D:\\Almacenamiento\\Programación\\Proyectos propios\\conexa-sw-apud-api\\src\\controllers\\vehicles.controller.ts","statementMap":{"0":{"start":{"line":2,"column":0},"end":{"line":2,"column":35}},"1":{"start":{"line":3,"column":0},"end":{"line":3,"column":66}},"2":{"start":{"line":4,"column":0},"end":{"line":4,"column":null}},"3":{"start":{"line":7,"column":0},"end":{"line":7,"column":62}},"4":{"start":{"line":9,"column":14},"end":{"line":9,"column":63}},"5":{"start":{"line":11,"column":27},"end":{"line":50,"column":2}},"6":{"start":{"line":11,"column":65},"end":{"line":50,"column":2}},"7":{"start":{"line":12,"column":2},"end":{"line":49,"column":null}},"8":{"start":{"line":13,"column":29},"end":{"line":13,"column":74}},"9":{"start":{"line":14,"column":4},"end":{"line":21,"column":null}},"10":{"start":{"line":15,"column":23},"end":{"line":15,"column":74}},"11":{"start":{"line":16,"column":25},"end":{"line":16,"column":50}},"12":{"start":{"line":17,"column":6},"end":{"line":17,"column":62}},"13":{"start":{"line":17,"column":22},"end":{"line":17,"column":62}},"14":{"start":{"line":18,"column":22},"end":{"line":18,"column":68}},"15":{"start":{"line":19,"column":6},"end":{"line":19,"column":35}},"16":{"start":{"line":20,"column":6},"end":{"line":20,"column":43}},"17":{"start":{"line":22,"column":4},"end":{"line":29,"column":null}},"18":{"start":{"line":23,"column":23},"end":{"line":23,"column":61}},"19":{"start":{"line":24,"column":25},"end":{"line":24,"column":50}},"20":{"start":{"line":25,"column":6},"end":{"line":25,"column":62}},"21":{"start":{"line":25,"column":22},"end":{"line":25,"column":62}},"22":{"start":{"line":26,"column":22},"end":{"line":26,"column":55}},"23":{"start":{"line":27,"column":6},"end":{"line":27,"column":35}},"24":{"start":{"line":28,"column":6},"end":{"line":28,"column":43}},"25":{"start":{"line":30,"column":4},"end":{"line":37,"column":null}},"26":{"start":{"line":31,"column":23},"end":{"line":31,"column":57}},"27":{"start":{"line":32,"column":25},"end":{"line":32,"column":50}},"28":{"start":{"line":33,"column":6},"end":{"line":33,"column":62}},"29":{"start":{"line":33,"column":22},"end":{"line":33,"column":62}},"30":{"start":{"line":34,"column":22},"end":{"line":34,"column":51}},"31":{"start":{"line":35,"column":6},"end":{"line":35,"column":35}},"32":{"start":{"line":36,"column":6},"end":{"line":36,"column":43}},"33":{"start":{"line":38,"column":4},"end":{"line":45,"column":null}},"34":{"start":{"line":39,"column":23},"end":{"line":39,"column":43}},"35":{"start":{"line":40,"column":25},"end":{"line":40,"column":50}},"36":{"start":{"line":41,"column":6},"end":{"line":41,"column":62}},"37":{"start":{"line":41,"column":22},"end":{"line":41,"column":62}},"38":{"start":{"line":42,"column":22},"end":{"line":42,"column":44}},"39":{"start":{"line":43,"column":6},"end":{"line":43,"column":35}},"40":{"start":{"line":44,"column":6},"end":{"line":44,"column":43}},"41":{"start":{"line":46,"column":4},"end":{"line":46,"column":40}},"42":{"start":{"line":48,"column":4},"end":{"line":48,"column":38}},"43":{"start":{"line":11,"column":13},"end":{"line":11,"column":27}},"44":{"start":{"line":51,"column":31},"end":{"line":59,"column":2}},"45":{"start":{"line":51,"column":69},"end":{"line":59,"column":2}},"46":{"start":{"line":52,"column":2},"end":{"line":58,"column":null}},"47":{"start":{"line":53,"column":19},"end":{"line":53,"column":29}},"48":{"start":{"line":54,"column":20},"end":{"line":54,"column":40}},"49":{"start":{"line":55,"column":4},"end":{"line":55,"column":41}},"50":{"start":{"line":57,"column":4},"end":{"line":57,"column":38}},"51":{"start":{"line":51,"column":13},"end":{"line":51,"column":31}},"52":{"start":{"line":61,"column":39},"end":{"line":74,"column":2}},"53":{"start":{"line":61,"column":77},"end":{"line":74,"column":2}},"54":{"start":{"line":62,"column":2},"end":{"line":73,"column":null}},"55":{"start":{"line":63,"column":19},"end":{"line":63,"column":29}},"56":{"start":{"line":64,"column":20},"end":{"line":64,"column":40}},"57":{"start":{"line":65,"column":4},"end":{"line":68,"column":7}},"58":{"start":{"line":69,"column":4},"end":{"line":69,"column":41}},"59":{"start":{"line":71,"column":4},"end":{"line":71,"column":25}},"60":{"start":{"line":72,"column":4},"end":{"line":72,"column":38}},"61":{"start":{"line":61,"column":13},"end":{"line":61,"column":39}},"62":{"start":{"line":76,"column":45},"end":{"line":85,"column":2}},"63":{"start":{"line":76,"column":83},"end":{"line":85,"column":2}},"64":{"start":{"line":77,"column":2},"end":{"line":84,"column":null}},"65":{"start":{"line":78,"column":19},"end":{"line":78,"column":29}},"66":{"start":{"line":79,"column":20},"end":{"line":79,"column":40}},"67":{"start":{"line":80,"column":4},"end":{"line":80,"column":31}},"68":{"start":{"line":81,"column":4},"end":{"line":81,"column":41}},"69":{"start":{"line":83,"column":4},"end":{"line":83,"column":38}},"70":{"start":{"line":76,"column":13},"end":{"line":76,"column":45}},"71":{"start":{"line":87,"column":44},"end":{"line":96,"column":2}},"72":{"start":{"line":87,"column":82},"end":{"line":96,"column":2}},"73":{"start":{"line":88,"column":2},"end":{"line":95,"column":null}},"74":{"start":{"line":89,"column":19},"end":{"line":89,"column":29}},"75":{"start":{"line":90,"column":20},"end":{"line":90,"column":40}},"76":{"start":{"line":91,"column":4},"end":{"line":91,"column":30}},"77":{"start":{"line":92,"column":4},"end":{"line":92,"column":41}},"78":{"start":{"line":94,"column":4},"end":{"line":94,"column":38}},"79":{"start":{"line":87,"column":13},"end":{"line":87,"column":44}}},"fnMap":{"0":{"name":"(anonymous_14)","decl":{"start":{"line":11,"column":27},"end":{"line":11,"column":34}},"loc":{"start":{"line":11,"column":65},"end":{"line":50,"column":2}}},"1":{"name":"(anonymous_15)","decl":{"start":{"line":11,"column":65},"end":{"line":11,"column":null}},"loc":{"start":{"line":11,"column":65},"end":{"line":50,"column":1}}},"2":{"name":"(anonymous_16)","decl":{"start":{"line":51,"column":31},"end":{"line":51,"column":38}},"loc":{"start":{"line":51,"column":69},"end":{"line":59,"column":2}}},"3":{"name":"(anonymous_17)","decl":{"start":{"line":51,"column":69},"end":{"line":51,"column":null}},"loc":{"start":{"line":51,"column":69},"end":{"line":59,"column":1}}},"4":{"name":"(anonymous_18)","decl":{"start":{"line":61,"column":39},"end":{"line":61,"column":46}},"loc":{"start":{"line":61,"column":77},"end":{"line":74,"column":2}}},"5":{"name":"(anonymous_19)","decl":{"start":{"line":61,"column":77},"end":{"line":61,"column":null}},"loc":{"start":{"line":61,"column":77},"end":{"line":74,"column":1}}},"6":{"name":"(anonymous_20)","decl":{"start":{"line":76,"column":45},"end":{"line":76,"column":52}},"loc":{"start":{"line":76,"column":83},"end":{"line":85,"column":2}}},"7":{"name":"(anonymous_21)","decl":{"start":{"line":76,"column":83},"end":{"line":76,"column":null}},"loc":{"start":{"line":76,"column":83},"end":{"line":85,"column":1}}},"8":{"name":"(anonymous_22)","decl":{"start":{"line":87,"column":44},"end":{"line":87,"column":51}},"loc":{"start":{"line":87,"column":82},"end":{"line":96,"column":2}}},"9":{"name":"(anonymous_23)","decl":{"start":{"line":87,"column":82},"end":{"line":87,"column":null}},"loc":{"start":{"line":87,"column":82},"end":{"line":96,"column":1}}}},"branchMap":{"0":{"loc":{"start":{"line":14,"column":4},"end":{"line":21,"column":null}},"type":"if","locations":[{"start":{"line":14,"column":4},"end":{"line":21,"column":null}}]},"1":{"loc":{"start":{"line":14,"column":8},"end":{"line":14,"column":22}},"type":"binary-expr","locations":[{"start":{"line":14,"column":8},"end":{"line":14,"column":14}},{"start":{"line":14,"column":18},"end":{"line":14,"column":22}}]},"2":{"loc":{"start":{"line":17,"column":6},"end":{"line":17,"column":62}},"type":"if","locations":[{"start":{"line":17,"column":6},"end":{"line":17,"column":62}}]},"3":{"loc":{"start":{"line":22,"column":4},"end":{"line":29,"column":null}},"type":"if","locations":[{"start":{"line":22,"column":4},"end":{"line":29,"column":null}}]},"4":{"loc":{"start":{"line":25,"column":6},"end":{"line":25,"column":62}},"type":"if","locations":[{"start":{"line":25,"column":6},"end":{"line":25,"column":62}}]},"5":{"loc":{"start":{"line":30,"column":4},"end":{"line":37,"column":null}},"type":"if","locations":[{"start":{"line":30,"column":4},"end":{"line":37,"column":null}}]},"6":{"loc":{"start":{"line":33,"column":6},"end":{"line":33,"column":62}},"type":"if","locations":[{"start":{"line":33,"column":6},"end":{"line":33,"column":62}}]},"7":{"loc":{"start":{"line":38,"column":4},"end":{"line":45,"column":null}},"type":"if","locations":[{"start":{"line":38,"column":4},"end":{"line":45,"column":null}}]},"8":{"loc":{"start":{"line":38,"column":8},"end":{"line":38,"column":24}},"type":"binary-expr","locations":[{"start":{"line":38,"column":8},"end":{"line":38,"column":15}},{"start":{"line":38,"column":19},"end":{"line":38,"column":24}}]},"9":{"loc":{"start":{"line":41,"column":6},"end":{"line":41,"column":62}},"type":"if","locations":[{"start":{"line":41,"column":6},"end":{"line":41,"column":62}}]}},"s":{"0":0,"1":0,"2":0,"3":0,"4":0,"5":0,"6":0,"7":0,"8":0,"9":0,"10":0,"11":0,"12":0,"13":0,"14":0,"15":0,"16":0,"17":0,"18":0,"19":0,"20":0,"21":0,"22":0,"23":0,"24":0,"25":0,"26":0,"27":0,"28":0,"29":0,"30":0,"31":0,"32":0,"33":0,"34":0,"35":0,"36":0,"37":0,"38":0,"39":0,"40":0,"41":0,"42":0,"43":0,"44":0,"45":0,"46":0,"47":0,"48":0,"49":0,"50":0,"51":0,"52":0,"53":0,"54":0,"55":0,"56":0,"57":0,"58":0,"59":0,"60":0,"61":0,"62":0,"63":0,"64":0,"65":0,"66":0,"67":0,"68":0,"69":0,"70":0,"71":0,"72":0,"73":0,"74":0,"75":0,"76":0,"77":0,"78":0,"79":0},"f":{"0":0,"1":0,"2":0,"3":0,"4":0,"5":0,"6":0,"7":0,"8":0,"9":0},"b":{"0":[0],"1":[0,0],"2":[0],"3":[0],"4":[0],"5":[0],"6":[0],"7":[0],"8":[0,0],"9":[0]}}
,"D:\\Almacenamiento\\Programación\\Proyectos propios\\conexa-sw-apud-api\\src\\routes\\films.route.ts": {"path":"D:\\Almacenamiento\\Programación\\Proyectos propios\\conexa-sw-apud-api\\src\\routes\\films.route.ts","statementMap":{"0":{"start":{"line":1,"column":0},"end":{"line":1,"column":33}},"1":{"start":{"line":2,"column":0},"end":{"line":2,"column":null}},"2":{"start":{"line":13,"column":15},"end":{"line":13,"column":23}},"3":{"start":{"line":15,"column":0},"end":{"line":15,"column":26}},"4":{"start":{"line":16,"column":0},"end":{"line":16,"column":33}},"5":{"start":{"line":17,"column":0},"end":{"line":17,"column":49}},"6":{"start":{"line":18,"column":0},"end":{"line":18,"column":70}},"7":{"start":{"line":19,"column":0},"end":{"line":19,"column":64}},"8":{"start":{"line":20,"column":0},"end":{"line":20,"column":64}},"9":{"start":{"line":21,"column":0},"end":{"line":21,"column":66}},"10":{"start":{"line":22,"column":0},"end":{"line":22,"column":68}},"11":{"start":{"line":24,"column":0},"end":{"line":24,"column":22}}},"fnMap":{},"branchMap":{},"s":{"0":0,"1":0,"2":0,"3":0,"4":0,"5":0,"6":0,"7":0,"8":0,"9":0,"10":0,"11":0},"f":{},"b":{}}
,"D:\\Almacenamiento\\Programación\\Proyectos propios\\conexa-sw-apud-api\\src\\routes\\index.ts": {"path":"D:\\Almacenamiento\\Programación\\Proyectos propios\\conexa-sw-apud-api\\src\\routes\\index.ts","statementMap":{"0":{"start":{"line":1,"column":0},"end":{"line":1,"column":30}},"1":{"start":{"line":3,"column":0},"end":{"line":3,"column":42}},"2":{"start":{"line":4,"column":0},"end":{"line":4,"column":40}},"3":{"start":{"line":5,"column":0},"end":{"line":5,"column":44}},"4":{"start":{"line":6,"column":0},"end":{"line":6,"column":44}},"5":{"start":{"line":7,"column":0},"end":{"line":7,"column":48}},"6":{"start":{"line":8,"column":0},"end":{"line":8,"column":46}},"7":{"start":{"line":10,"column":15},"end":{"line":10,"column":31}},"8":{"start":{"line":12,"column":0},"end":{"line":12,"column":36}},"9":{"start":{"line":13,"column":0},"end":{"line":13,"column":34}},"10":{"start":{"line":14,"column":0},"end":{"line":14,"column":38}},"11":{"start":{"line":15,"column":0},"end":{"line":15,"column":38}},"12":{"start":{"line":16,"column":0},"end":{"line":16,"column":42}},"13":{"start":{"line":17,"column":0},"end":{"line":17,"column":40}},"14":{"start":{"line":19,"column":0},"end":{"line":19,"column":22}}},"fnMap":{},"branchMap":{},"s":{"0":0,"1":0,"2":0,"3":0,"4":0,"5":0,"6":0,"7":0,"8":0,"9":0,"10":0,"11":0,"12":0,"13":0,"14":0},"f":{},"b":{}}
,"D:\\Almacenamiento\\Programación\\Proyectos propios\\conexa-sw-apud-api\\src\\routes\\people.route.ts": {"path":"D:\\Almacenamiento\\Programación\\Proyectos propios\\conexa-sw-apud-api\\src\\routes\\people.route.ts","statementMap":{"0":{"start":{"line":1,"column":0},"end":{"line":1,"column":33}},"1":{"start":{"line":2,"column":0},"end":{"line":2,"column":null}},"2":{"start":{"line":13,"column":15},"end":{"line":13,"column":23}},"3":{"start":{"line":15,"column":0},"end":{"line":15,"column":28}},"4":{"start":{"line":16,"column":0},"end":{"line":16,"column":34}},"5":{"start":{"line":17,"column":0},"end":{"line":17,"column":50}},"6":{"start":{"line":18,"column":0},"end":{"line":18,"column":69}},"7":{"start":{"line":19,"column":0},"end":{"line":19,"column":61}},"8":{"start":{"line":20,"column":0},"end":{"line":20,"column":65}},"9":{"start":{"line":21,"column":0},"end":{"line":21,"column":67}},"10":{"start":{"line":22,"column":0},"end":{"line":22,"column":69}},"11":{"start":{"line":24,"column":0},"end":{"line":24,"column":22}}},"fnMap":{},"branchMap":{},"s":{"0":0,"1":0,"2":0,"3":0,"4":0,"5":0,"6":0,"7":0,"8":0,"9":0,"10":0,"11":0},"f":{},"b":{}}
,"D:\\Almacenamiento\\Programación\\Proyectos propios\\conexa-sw-apud-api\\src\\routes\\planets.route.ts": {"path":"D:\\Almacenamiento\\Programación\\Proyectos propios\\conexa-sw-apud-api\\src\\routes\\planets.route.ts","statementMap":{"0":{"start":{"line":1,"column":0},"end":{"line":1,"column":33}},"1":{"start":{"line":2,"column":0},"end":{"line":2,"column":null}},"2":{"start":{"line":6,"column":15},"end":{"line":6,"column":23}},"3":{"start":{"line":8,"column":0},"end":{"line":8,"column":28}},"4":{"start":{"line":9,"column":0},"end":{"line":9,"column":35}},"5":{"start":{"line":10,"column":0},"end":{"line":10,"column":51}},"6":{"start":{"line":11,"column":0},"end":{"line":11,"column":72}},"7":{"start":{"line":12,"column":0},"end":{"line":12,"column":62}},"8":{"start":{"line":14,"column":0},"end":{"line":14,"column":22}}},"fnMap":{},"branchMap":{},"s":{"0":0,"1":0,"2":0,"3":0,"4":0,"5":0,"6":0,"7":0,"8":0},"f":{},"b":{}}
,"D:\\Almacenamiento\\Programación\\Proyectos propios\\conexa-sw-apud-api\\src\\routes\\species.route.ts": {"path":"D:\\Almacenamiento\\Programación\\Proyectos propios\\conexa-sw-apud-api\\src\\routes\\species.route.ts","statementMap":{"0":{"start":{"line":1,"column":0},"end":{"line":1,"column":33}},"1":{"start":{"line":2,"column":0},"end":{"line":2,"column":null}},"2":{"start":{"line":6,"column":15},"end":{"line":6,"column":23}},"3":{"start":{"line":8,"column":0},"end":{"line":8,"column":34}},"4":{"start":{"line":9,"column":0},"end":{"line":9,"column":35}},"5":{"start":{"line":10,"column":0},"end":{"line":10,"column":51}},"6":{"start":{"line":11,"column":0},"end":{"line":11,"column":64}},"7":{"start":{"line":12,"column":0},"end":{"line":12,"column":62}},"8":{"start":{"line":14,"column":0},"end":{"line":14,"column":22}}},"fnMap":{},"branchMap":{},"s":{"0":0,"1":0,"2":0,"3":0,"4":0,"5":0,"6":0,"7":0,"8":0},"f":{},"b":{}}
,"D:\\Almacenamiento\\Programación\\Proyectos propios\\conexa-sw-apud-api\\src\\routes\\starships.route.ts": {"path":"D:\\Almacenamiento\\Programación\\Proyectos propios\\conexa-sw-apud-api\\src\\routes\\starships.route.ts","statementMap":{"0":{"start":{"line":1,"column":0},"end":{"line":1,"column":33}},"1":{"start":{"line":2,"column":0},"end":{"line":2,"column":null}},"2":{"start":{"line":6,"column":15},"end":{"line":6,"column":23}},"3":{"start":{"line":8,"column":0},"end":{"line":8,"column":30}},"4":{"start":{"line":9,"column":0},"end":{"line":9,"column":37}},"5":{"start":{"line":10,"column":0},"end":{"line":10,"column":53}},"6":{"start":{"line":11,"column":0},"end":{"line":11,"column":66}},"7":{"start":{"line":12,"column":0},"end":{"line":12,"column":64}},"8":{"start":{"line":14,"column":0},"end":{"line":14,"column":22}}},"fnMap":{},"branchMap":{},"s":{"0":0,"1":0,"2":0,"3":0,"4":0,"5":0,"6":0,"7":0,"8":0},"f":{},"b":{}}
,"D:\\Almacenamiento\\Programación\\Proyectos propios\\conexa-sw-apud-api\\src\\routes\\vehicles.route.ts": {"path":"D:\\Almacenamiento\\Programación\\Proyectos propios\\conexa-sw-apud-api\\src\\routes\\vehicles.route.ts","statementMap":{"0":{"start":{"line":1,"column":0},"end":{"line":1,"column":33}},"1":{"start":{"line":2,"column":0},"end":{"line":2,"column":null}},"2":{"start":{"line":6,"column":15},"end":{"line":6,"column":23}},"3":{"start":{"line":8,"column":0},"end":{"line":8,"column":29}},"4":{"start":{"line":9,"column":0},"end":{"line":9,"column":36}},"5":{"start":{"line":10,"column":0},"end":{"line":10,"column":52}},"6":{"start":{"line":11,"column":0},"end":{"line":11,"column":65}},"7":{"start":{"line":12,"column":0},"end":{"line":12,"column":63}},"8":{"start":{"line":14,"column":0},"end":{"line":14,"column":22}}},"fnMap":{},"branchMap":{},"s":{"0":0,"1":0,"2":0,"3":0,"4":0,"5":0,"6":0,"7":0,"8":0},"f":{},"b":{}}
,"D:\\Almacenamiento\\Programación\\Proyectos propios\\conexa-sw-apud-api\\src\\services\\films.services.ts": {"path":"D:\\Almacenamiento\\Programación\\Proyectos propios\\conexa-sw-apud-api\\src\\services\\films.services.ts","statementMap":{"0":{"start":{"line":1,"column":0},"end":{"line":1,"column":null}},"1":{"start":{"line":5,"column":0},"end":{"line":5,"column":76}},"2":{"start":{"line":7,"column":27},"end":{"line":10,"column":2}},"3":{"start":{"line":7,"column":38},"end":{"line":10,"column":2}},"4":{"start":{"line":8,"column":15},"end":{"line":8,"column":55}},"5":{"start":{"line":9,"column":2},"end":{"line":9,"column":19}},"6":{"start":{"line":7,"column":13},"end":{"line":7,"column":27}},"7":{"start":{"line":12,"column":30},"end":{"line":15,"column":2}},"8":{"start":{"line":12,"column":53},"end":{"line":15,"column":2}},"9":{"start":{"line":13,"column":15},"end":{"line":13,"column":68}},"10":{"start":{"line":14,"column":2},"end":{"line":14,"column":19}},"11":{"start":{"line":12,"column":13},"end":{"line":12,"column":30}},"12":{"start":{"line":17,"column":32},"end":{"line":20,"column":2}},"13":{"start":{"line":17,"column":57},"end":{"line":20,"column":2}},"14":{"start":{"line":18,"column":15},"end":{"line":18,"column":72}},"15":{"start":{"line":19,"column":2},"end":{"line":19,"column":19}},"16":{"start":{"line":17,"column":13},"end":{"line":17,"column":32}},"17":{"start":{"line":22,"column":39},"end":{"line":25,"column":2}},"18":{"start":{"line":22,"column":78},"end":{"line":25,"column":2}},"19":{"start":{"line":23,"column":15},"end":{"line":23,"column":85}},"20":{"start":{"line":24,"column":2},"end":{"line":24,"column":19}},"21":{"start":{"line":22,"column":13},"end":{"line":22,"column":39}},"22":{"start":{"line":27,"column":23},"end":{"line":30,"column":2}},"23":{"start":{"line":27,"column":44},"end":{"line":30,"column":2}},"24":{"start":{"line":28,"column":15},"end":{"line":28,"column":61}},"25":{"start":{"line":29,"column":2},"end":{"line":29,"column":19}},"26":{"start":{"line":27,"column":13},"end":{"line":27,"column":23}},"27":{"start":{"line":32,"column":31},"end":{"line":35,"column":2}},"28":{"start":{"line":32,"column":59},"end":{"line":35,"column":2}},"29":{"start":{"line":33,"column":22},"end":{"line":33,"column":77}},"30":{"start":{"line":34,"column":2},"end":{"line":34,"column":21}},"31":{"start":{"line":32,"column":13},"end":{"line":32,"column":31}},"32":{"start":{"line":37,"column":28},"end":{"line":40,"column":2}},"33":{"start":{"line":37,"column":56},"end":{"line":40,"column":2}},"34":{"start":{"line":38,"column":22},"end":{"line":38,"column":74}},"35":{"start":{"line":39,"column":2},"end":{"line":39,"column":21}},"36":{"start":{"line":37,"column":13},"end":{"line":37,"column":28}},"37":{"start":{"line":41,"column":28},"end":{"line":44,"column":2}},"38":{"start":{"line":41,"column":56},"end":{"line":44,"column":2}},"39":{"start":{"line":42,"column":22},"end":{"line":42,"column":74}},"40":{"start":{"line":43,"column":2},"end":{"line":43,"column":21}},"41":{"start":{"line":41,"column":13},"end":{"line":41,"column":28}},"42":{"start":{"line":45,"column":29},"end":{"line":48,"column":2}},"43":{"start":{"line":45,"column":57},"end":{"line"
[...]
,"D:\\Almacenamiento\\Programación\\Proyectos propios\\conexa-sw-apud-api\\src\\services\\starships.services.ts": {"path":"D:\\Almacenamiento\\Programación\\Proyectos propios\\conexa-sw-apud-api\\src\\services\\starships.services.ts","statementMap":{"0":{"start":{"line":1,"column":0},"end":{"line":1,"column":null}},"1":{"start":{"line":5,"column":0},"end":{"line":5,"column":76}},"2":{"start":{"line":7,"column":31},"end":{"line":10,"column":2}},"3":{"start":{"line":7,"column":42},"end":{"line":10,"column":2}},"4":{"start":{"line":8,"column":19},"end":{"line":8,"column":63}},"5":{"start":{"line":9,"column":2},"end":{"line":9,"column":23}},"6":{"start":{"line":7,"column":13},"end":{"line":7,"column":31}},"7":{"start":{"line":12,"column":34},"end":{"line":15,"column":2}},"8":{"start":{"line":12,"column":57},"end":{"line":15,"column":2}},"9":{"start":{"line":13,"column":19},"end":{"line":13,"column":76}},"10":{"start":{"line":14,"column":2},"end":{"line":14,"column":23}},"11":{"start":{"line":12,"column":13},"end":{"line":12,"column":34}},"12":{"start":{"line":17,"column":36},"end":{"line":20,"column":2}},"13":{"start":{"line":17,"column":61},"end":{"line":20,"column":2}},"14":{"start":{"line":18,"column":19},"end":{"line":18,"column":80}},"15":{"start":{"line":19,"column":2},"end":{"line":19,"column":23}},"16":{"start":{"line":17,"column":13},"end":{"line":17,"column":36}},"17":{"start":{"line":22,"column":43},"end":{"line":25,"column":2}},"18":{"start":{"line":22,"column":82},"end":{"line":25,"column":2}},"19":{"start":{"line":23,"column":19},"end":{"line":23,"column":93}},"20":{"start":{"line":24,"column":2},"end":{"line":24,"column":23}},"21":{"start":{"line":22,"column":13},"end":{"line":22,"column":43}},"22":{"start":{"line":27,"column":27},"end":{"line":30,"column":2}},"23":{"start":{"line":27,"column":48},"end":{"line":30,"column":2}},"24":{"start":{"line":28,"column":19},"end":{"line":28,"column":69}},"25":{"start":{"line":29,"column":2},"end":{"line":29,"column":23}},"26":{"start":{"line":27,"column":13},"end":{"line":27,"column":27}},"27":{"start":{"line":32,"column":27},"end":{"line":35,"column":2}},"28":{"start":{"line":32,"column":59},"end":{"line":35,"column":2}},"29":{"start":{"line":33,"column":22},"end":{"line":33,"column":77}},"30":{"start":{"line":34,"column":2},"end":{"line":34,"column":21}},"31":{"start":{"line":32,"column":13},"end":{"line":32,"column":27}},"32":{"start":{"line":37,"column":26},"end":{"line":40,"column":2}},"33":{"start":{"line":37,"column":58},"end":{"line":40,"column":2}},"34":{"start":{"line":38,"column":22},"end":{"line":38,"column":76}},"35":{"start":{"line":39,"column":2},"end":{"line":39,"column":21}},"36":{"start":{"line":37,"column":13},"end":{"line":37,"column":26}}},"fnMap":{"0":{"name":"(anonymous_7)","decl":{"start":{"line":7,"column":31},"end":{"line":7,"column":40}},"loc":{"start":{"line":7,"column":42},"end":{"line":10,"column":2}}},"1":{"name":"(anonymous_8)","decl":{"start":{"line":7,"column":42},"end":{"line":7,"column":null}},"loc":{"start":{"line":7,"column":42},"end":{"line":10,"column":1}}},"2":{"name":"(anonymous_9)","decl":{"start":{"line":12,"column":34},"end":{"line":12,"column":41}},"loc":{"start":{"line":12,"column":57},"end":{"line":15,"column":2}}},"3":{"name":"(anonymous_10)","decl":{"start":{"line":12,"column":57},"end":{"line":12,"column":null}},"loc":{"start":{"line":12,"column":57},"end":{"line":15,"column":1}}},"4":{"name":"(anonymous_11)","decl":{"start":{"line":17,"column":36},"end":{"line":17,"column":43}},"loc":{"start":{"line":17,"column":61},"end":{"line":20,"column":2}}},"5":{"name":"(anonymous_12)","decl":{"start":{"line":17,"column":61},"end":{"line":17,"column":null}},"loc":{"start":{"line":17,"column":61},"end":{"line":20,"column":1}}},"6":{"name":"(anonymous_13)","decl":{"start":{"line":22,"column":43},"end":{"line":22,"column":50}},"loc":{"start":{"line":22,"column":82},"end":{"line":25,"column":2}}},"7":{"name":"(anonymous_14)","decl":{"start":{"line":22,"column":82},"end":{"line":22,"column":null}},"loc":{"start":{"line":22,"column":82},"end":{"line":25,"column":1}}},"8":{"name":"(anonymous_15)","decl":{"start":{"line":27,"column":27},"end":{"line":27,"column":34}},"loc":{"start":{"line":27,"column":48},"end":{"line":30,"column":2}}},"9":{"name":"(anonymous_16)","decl":{"start":{"line":27,"column":48},"end":{"line":27,"column":null}},"loc":{"start":{"line":27,"column":48},"end":{"line":30,"column":1}}},"10":{"name":"(anonymous_17)","decl":{"start":{"line":32,"column":27},"end":{"line":32,"column":34}},"loc":{"start":{"line":32,"column":59},"end":{"line":35,"column":2}}},"11":{"name":"(anonymous_18)","decl":{"start":{"line":32,"column":59},"end":{"line":32,"column":null}},"loc":{"start":{"line":32,"column":59},"end":{"line":35,"column":1}}},"12":{"name":"(anonymous_19)","decl":{"start":{"line":37,"column":26},"end":{"line":37,"column":33}},"loc":{"start":{"line":37,"column":58},"end":{"line":40,"column":2}}},"13":{"name":"(anonymous_20)","decl":{"start":{"line":37,"column":58},"end":{"line":37,"column":null}},"loc":{"start":{"line":37,"column":58},"end":{"line":40,"column":1}}}},"branchMap":{},"s":{"0":0,"1":0,"2":0,"3":0,"4":0,"5":0,"6":0,"7":0,"8":0,"9":0,"10":0,"11":0,"12":0,"13":0,"14":0,"15":0,"16":0,"17":0,"18":0,"19":0,"20":0,"21":0,"22":0,"23":0,"24":0,"25":0,"26":0,"27":0,"28":0,"29":0,"30":0,"31":0,"32":0,"33":0,"34":0,"35":0,"36":0},"f":{"0":0,"1":0,"2":0,"3":0,"4":0,"5":0,"6":0,"7":0,"8":0,"9":0,"10":0,"11":0,"12":0,"13":0},"b":{}}
,"D:\\Almacenamiento\\Programación\\Proyectos propios\\conexa-sw-apud-api\\src\\services\\vehicles.services.ts": {"path":"D:\\Almacenamiento\\Programación\\Proyectos propios\\conexa-sw-apud-api\\src\\services\\vehicles.services.ts","statementMap":{"0":{"start":{"line":1,"column":0},"end":{"line":1,"column":null}},"1":{"start":{"line":5,"column":0},"end":{"line":5,"column":76}},"2":{"start":{"line":7,"column":30},"end":{"line":10,"column":2}},"3":{"start":{"line":7,"column":41},"end":{"line":10,"column":2}},"4":{"start":{"line":8,"column":18},"end":{"line":8,"column":61}},"5":{"start":{"line":9,"column":2},"end":{"line":9,"column":22}},"6":{"start":{"line":7,"column":13},"end":{"line":7,"column":30}},"7":{"start":{"line":12,"column":33},"end":{"line":15,"column":2}},"8":{"start":{"line":12,"column":56},"end":{"line":15,"column":2}},"9":{"start":{"line":13,"column":18},"end":{"line":13,"column":74}},"10":{"start":{"line":14,"column":2},"end":{"line":14,"column":22}},"11":{"start":{"line":12,"column":13},"end":{"line":12,"column":33}},"12":{"start":{"line":17,"column":35},"end":{"line":20,"column":2}},"13":{"start":{"line":17,"column":60},"end":{"line":20,"column":2}},"14":{"start":{"line":18,"column":18},"end":{"line":18,"column":78}},"15":{"start":{"line":19,"column":2},"end":{"line":19,"column":22}},"16":{"start":{"line":17,"column":13},"end":{"line":17,"column":35}},"17":{"start":{"line":22,"column":42},"end":{"line":25,"column":2}},"18":{"start":{"line":22,"column":81},"end":{"line":25,"column":2}},"19":{"start":{"line":23,"column":18},"end":{"line":23,"column":91}},"20":{"start":{"line":24,"column":2},"end":{"line":24,"column":22}},"21":{"start":{"line":22,"column":13},"end":{"line":22,"column":42}},"22":{"start":{"line":27,"column":26},"end":{"line":30,"column":2}},"23":{"start":{"line":27,"column":47},"end":{"line":30,"column":2}},"24":{"start":{"line":28,"column":18},"end":{"line":28,"column":67}},"25":{"start":{"line":29,"column":2},"end":{"line":29,"column":22}},"26":{"start":{"line":27,"column":13},"end":{"line":27,"column":26}},"27":{"start":{"line":32,"column":27},"end":{"line":35,"column":2}},"28":{"start":{"line":32,"column":58},"end":{"line":35,"column":2}},"29":{"start":{"line":33,"column":22},"end":{"line":33,"column":76}},"30":{"start":{"line":34,"column":2},"end":{"line":34,"column":21}},"31":{"start":{"line":32,"column":13},"end":{"line":32,"column":27}},"32":{"start":{"line":37,"column":26},"end":{"line":40,"column":2}},"33":{"start":{"line":37,"column":57},"end":{"line":40,"column":2}},"34":{"start":{"line":38,"column":22},"end":{"line":38,"column":75}},"35":{"start":{"line":39,"column":2},"end":{"line":39,"column":21}},"36":{"start":{"line":37,"column":13},"end":{"line":37,"column":26}}},"fnMap":{"0":{"name":"(anonymous_7)","decl":{"start":{"line":7,"column":30},"end":{"line":7,"column":39}},"loc":{"start":{"line":7,"column":41},"end":{"line":10,"column":2}}},"1":{"name":"(anonymous_8)","decl":{"start":{"line":7,"column":41},"end":{"line":7,"column":null}},"loc":{"start":{"line":7,"column":41},"end":{"line":10,"column":1}}},"2":{"name":"(anonymous_9)","decl":{"start":{"line":12,"column":33},"end":{"line":12,"column":40}},"loc":{"start":{"line":12,"column":56},"end":{"line":15,"column":2}}},"3":{"name":"(anonymous_10)","decl":{"start":{"line":12,"column":56},"end":{"line":12,"column":null}},"loc":{"start":{"line":12,"column":56},"end":{"line":15,"column":1}}},"4":{"name":"(anonymous_11)","decl":{"start":{"line":17,"column":35},"end":{"line":17,"column":42}},"loc":{"start":{"line":17,"column":60},"end":{"line":20,"column":2}}},"5":{"name":"(anonymous_12)","decl":{"start":{"line":17,"column":60},"end":{"line":17,"column":null}},"loc":{"start":{"line":17,"column":60},"end":{"line":20,"column":1}}},"6":{"name":"(anonymous_13)","decl":{"start":{"line":22,"column":42},"end":{"line":22,"column":49}},"loc":{"start":{"line":22,"column":81},"end":{"line":25,"column":2}}},"7":{"name":"(anonymous_14)","decl":{"start":{"line":22,"column":81},"end":{"line":22,"column":null}},"loc":{"start":{"line":22,"column":81},"end":{"line":25,"column":1}}},"8":{"name":"(anonymous_15)","decl":{"start":{"line":27,"column":26},"end":{"line":27,"column":33}},"loc":{"start":{"line":27,"column":47},"end":{"line":30,"column":2}}},"9":{"name":"(anonymous_16)","decl":{"start":{"line":27,"column":47},"end":{"line":27,"column":null}},"loc":{"start":{"line":27,"column":47},"end":{"line":30,"column":1}}},"10":{"name":"(anonymous_17)","decl":{"start":{"line":32,"column":27},"end":{"line":32,"column":34}},"loc":{"start":{"line":32,"column":58},"end":{"line":35,"column":2}}},"11":{"name":"(anonymous_18)","decl":{"start":{"line":32,"column":58},"end":{"line":32,"column":null}},"loc":{"start":{"line":32,"column":58},"end":{"line":35,"column":1}}},"12":{"name":"(anonymous_19)","decl":{"start":{"line":37,"column":26},"end":{"line":37,"column":33}},"loc":{"start":{"line":37,"column":57},"end":{"line":40,"column":2}}},"13":{"name":"(anonymous_20)","decl":{"start":{"line":37,"column":57},"end":{"line":37,"column":null}},"loc":{"start":{"line":37,"column":57},"end":{"line":40,"column":1}}}},"branchMap":{},"s":{"0":0,"1":0,"2":0,"3":0,"4":0,"5":0,"6":0,"7":0,"8":0,"9":0,"10":0,"11":0,"12":0,"13":0,"14":0,"15":0,"16":0,"17":0,"18":0,"19":0,"20":0,"21":0,"22":0,"23":0,"24":0,"25":0,"26":0,"27":0,"28":0,"29":0,"30":0,"31":0,"32":0,"33":0,"34":0,"35":0,"36":0},"f":{"0":0,"1":0,"2":0,"3":0,"4":0,"5":0,"6":0,"7":0,"8":0,"9":0,"10":0,"11":0,"12":0,"13":0},"b":{}}
,"D:\\Almacenamiento\\Programación\\Proyectos propios\\conexa-sw-apud-api\\src\\utils\\axios.utility.ts": {"path":"D:\\Almacenamiento\\Programación\\Proyectos propios\\conexa-sw-apud-api\\src\\utils\\axios.utility.ts","statementMap":{"0":{"start":{"line":1,"column":0},"end":{"line":1,"column":26}},"1":{"start":{"line":2,"column":0},"end":{"line":2,"column":35}},"2":{"start":{"line":4,"column":0},"end":{"line":4,"column":39}},"3":{"start":{"line":5,"column":0},"end":{"line":5,"column":54}},"4":{"start":{"line":7,"column":14},"end":{"line":7,"column":63}},"5":{"start":{"line":9,"column":23},"end":{"line":14,"column":2}},"6":{"start":{"line":16,"column":13},"end":{"line":16,"column":56}},"7":{"start":{"line":18,"column":26},"end":{"line":25,"column":2}},"8":{"start":{"line":18,"column":55},"end":{"line":25,"column":2}},"9":{"start":{"line":19,"column":2},"end":{"line":24,"column":null}},"10":{"start":{"line":20,"column":21},"end":{"line":20,"column":83}},"11":{"start":{"line":20,"column":67},"end":{"line":20,"column":81}},"12":{"start":{"line":21,"column":4},"end":{"line":21,"column":43}},"13":{"start":{"line":21,"column":33},"end":{"line":21,"column":41}},"14":{"start":{"line":23,"column":4},"end":{"line":23,"column":64}},"15":{"start":{"line":27,"column":37},"end":{"line":58,"column":2}},"16":{"start":{"line":30,"column":4},"end":{"line":58,"column":2}},"17":{"start":{"line":31,"column":19},"end":{"line":31,"column":57}},"18":{"start":{"line":33,"column":21},"end":{"line":33,"column":46}},"19":{"start":{"line":34,"column":2},"end":{"line":37,"column":null}},"20":{"start":{"line":35,"column":28},"end":{"line":35,"column":62}},"21":{"start":{"line":36,"column":4},"end":{"line":36,"column":27}},"22":{"start":{"line":39,"column":24},"end":{"line":39,"column":45}},"23":{"start":{"line":41,"column":2},"end":{"line":48,"column":null}},"24":{"start":{"line":42,"column":22},"end":{"line":42,"column":60}},"25":{"start":{"line":43,"column":28},"end":{"line":43,"column":61}},"26":{"start":{"line":45,"column":4},"end":{"line":45,"column":41}},"27":{"start":{"line":47,"column":4},"end":{"line":47,"column":27}},"28":{"start":{"line":49,"column":2},"end":{"line":56,"column":null}},"29":{"start":{"line":50,"column":21},"end":{"line":50,"column":51}},"30":{"start":{"line":51,"column":28},"end":{"line":51,"column":65}},"31":{"start":{"line":53,"column":4},"end":{"line":53,"column":41}},"32":{"start":{"line":55,"column":4},"end":{"line":55,"column":27}},"33":{"start":{"line":57,"column":2},"end":{"line":57,"column":40}},"34":{"start":{"line":27,"column":13},"end":{"line":27,"column":37}}},"fnMap":{"0":{"name":"(anonymous_8)","decl":{"start":{"line":18,"column":26},"end":{"line":18,"column":33}},"loc":{"start":{"line":18,"column":55},"end":{"line":25,"column":2}}},"1":{"name":"(anonymous_9)","decl":{"start":{"line":18,"column":55},"end":{"line":18,"column":null}},"loc":{"start":{"line":18,"column":55},"end":{"line":25,"column":1}}},"2":{"name":"(anonymous_10)","decl":{"start":{"line":20,"column":50},"end":{"line":20,"column":51}},"loc":{"start":{"line":20,"column":67},"end":{"line":20,"column":81}}},"3":{"name":"(anonymous_11)","decl":{"start":{"line":21,"column":24},"end":{"line":21,"column":25}},"loc":{"start":{"line":21,"column":33},"end":{"line":21,"column":41}}},"4":{"name":"(anonymous_12)","decl":{"start":{"line":27,"column":37},"end":{"line":27,"column":null}},"loc":{"start":{"line":30,"column":4},"end":{"line":58,"column":2}}},"5":{"name":"(anonymous_13)","decl":{"start":{"line":30,"column":4},"end":{"line":30,"column":null}},"loc":{"start":{"line":30,"column":4},"end":{"line":58,"column":1}}}},"branchMap":{"0":{"loc":{"start":{"line":34,"column":2},"end":{"line":37,"column":null}},"type":"if","locations":[{"start":{"line":34,"column":2},"end":{"line":37,"column":null}}]},"1":{"loc":{"start":{"line":41,"column":2},"end":{"line":48,"column":null}},"type":"if","locations":[{"start":{"line":41,"column":2},"end":{"line":48,"column":null}}]},"2":{"loc":{"start":{"line":49,"column":2},"end":{"line":56,"column":null}},"type":"if","locations":[{"start":{"line":49,"column":2},"end":{"line":56,"column":null}}]}},"s":{"0":1,"1":1,"2":1,"3":1,"4":1,"5":1,"6":1,"7":1,"8":4,"9":4,"10":4,"11":9,"12":4,"13":9,"14":0,"15":1,"16":5,"17":5,"18":5,"19":5,"20":0,"21":0,"22":5,"23":5,"24":4,"25":4,"26":4,"27":4,"28":1,"29":1,"30":1,"31":1,"32":1,"33":0,"34":1},"f":{"0":4,"1":4,"2":9,"3":9,"4":5,"5":5},"b":{"0":[0],"1":[4],"2":[1]}}
,"D:\\Almacenamiento\\Programación\\Proyectos propios\\conexa-sw-apud-api\\src\\utils\\error.utility.ts": {"path":"D:\\Almacenamiento\\Programación\\Proyectos propios\\conexa-sw-apud-api\\src\\utils\\error.utility.ts","statementMap":{"0":{"start":{"line":8,"column":4},"end":{"line":8,"column":19}},"1":{"start":{"line":9,"column":4},"end":{"line":9,"column":21}},"2":{"start":{"line":4,"column":0},"end":{"line":4,"column":21}},"3":{"start":{"line":13,"column":23},"end":{"line":13,"column":130}},"4":{"start":{"line":13,"column":84},"end":{"line":13,"column":130}},"5":{"start":{"line":15,"column":30},"end":{"line":19,"column":1}},"6":{"start":{"line":16,"column":2},"end":{"line":16,"column":92}},"7":{"start":{"line":16,"column":33},"end":{"line":16,"column":92}},"8":{"start":{"line":17,"column":2},"end":{"line":17,"column":130}},"9":{"start":{"line":17,"column":47},"end":{"line":17,"column":130}},"10":{"start":{"line":18,"column":2},"end":{"line":18,"column":65}},"11":{"start":{"line":15,"column":13},"end":{"line":15,"column":30}}},"fnMap":{"0":{"name":"(anonymous_0)","decl":{"start":{"line":7,"column":2},"end":{"line":7,"column":14}},"loc":{"start":{"line":7,"column":41},"end":{"line":10,"column":3}}},"1":{"name":"(anonymous_1)","decl":{"start":{"line":13,"column":23},"end":{"line":13,"column":24}},"loc":{"start":{"line":13,"column":84},"end":{"line":13,"column":130}}},"2":{"name":"(anonymous_2)","decl":{"start":{"line":15,"column":30},"end":{"line":15,"column":31}},"loc":{"start":{"line":15,"column":64},"end":{"line":19,"column":1}}}},"branchMap":{"0":{"loc":{"start":{"line":7,"column":31},"end":{"line":7,"column":41}},"type":"default-arg","locations":[{"start":{"line":7,"column":38},"end":{"line":7,"column":41}}]},"1":{"loc":{"start":{"line":16,"column":2},"end":{"line":16,"column":92}},"type":"if","locations":[{"start":{"line":16,"column":2},"end":{"line":16,"column":92}}]},"2":{"loc":{"start":{"line":17,"column":2},"end":{"line":17,"column":130}},"type":"if","locations":[{"start":{"line":17,"column":2},"end":{"line":17,"column":130}}]},"3":{"loc":{"start":{"line":17,"column":6},"end":{"line":17,"column":45}},"type":"binary-expr","locations":[{"start":{"line":17,"column":6},"end":{"line":17,"column":27}},{"start":{"line":17,"column":31},"end":{"line":17,"column":45}}]}},"s":{"0":0,"1":0,"2":1,"3":1,"4":0,"5":1,"6":0,"7":0,"8":0,"9":0,"10":0,"11":1},"f":{"0":0,"1":0,"2":0},"b":{"0":[0],"1":[0],"2":[0],"3":[0,0]}}
}
